<?xml version="1.0" encoding="UTF-8"?>
<coverage generated="1608657288549" clover="3.2.0">
  <project timestamp="1608657288549" name="All files">
    <metrics statements="147" coveredstatements="137" conditionals="72" coveredconditionals="51" methods="37" coveredmethods="36" elements="256" coveredelements="224" complexity="0" loc="147" ncloc="147" packages="7" files="9" classes="9"/>
    <package name="assets.scripts">
      <metrics statements="79" coveredstatements="69" conditionals="38" coveredconditionals="26" methods="14" coveredmethods="13"/>
      <file name="_constants.es.js" path="C:\MAMP\htdocs\aem-compatible\src\assets\scripts\_constants.es.js">
        <metrics statements="79" coveredstatements="69" conditionals="38" coveredconditionals="26" methods="12" coveredmethods="11"/>
        <line num="1" count="10" type="stmt"/>
        <line num="2" count="10" type="stmt"/>
        <line num="3" count="10" type="stmt"/>
        <line num="4" count="10" type="stmt"/>
        <line num="5" count="10" type="stmt"/>
        <line num="6" count="10" type="stmt"/>
        <line num="27" count="10" type="stmt"/>
        <line num="28" count="24" type="stmt"/>
        <line num="29" count="24" type="cond" truecount="2" falsecount="0"/>
        <line num="31" count="26" type="stmt"/>
        <line num="32" count="24" type="stmt"/>
        <line num="34" count="26" type="stmt"/>
        <line num="35" count="24" type="stmt"/>
        <line num="36" count="24" type="cond" truecount="2" falsecount="0"/>
        <line num="42" count="26" type="stmt"/>
        <line num="43" count="24" type="stmt"/>
        <line num="45" count="24" type="stmt"/>
        <line num="48" count="24" type="cond" truecount="1" falsecount="1"/>
        <line num="55" count="24" type="stmt"/>
        <line num="59" count="0" type="stmt"/>
        <line num="63" count="8" type="stmt"/>
        <line num="67" count="56" type="stmt"/>
        <line num="73" count="8" type="stmt"/>
        <line num="76" count="0" type="stmt"/>
        <line num="79" count="0" type="stmt"/>
        <line num="81" count="8" type="stmt"/>
        <line num="84" count="28" type="stmt"/>
        <line num="87" count="28" type="stmt"/>
        <line num="90" count="28" type="stmt"/>
        <line num="94" count="0" type="stmt"/>
        <line num="98" count="8" type="stmt"/>
        <line num="101" count="28" type="stmt"/>
        <line num="104" count="28" type="stmt"/>
        <line num="106" count="28" type="stmt"/>
        <line num="108" count="28" type="stmt"/>
        <line num="111" count="30" type="stmt"/>
        <line num="112" count="34" type="stmt"/>
        <line num="113" count="34" type="cond" truecount="2" falsecount="0"/>
        <line num="115" count="34" type="stmt"/>
        <line num="116" count="14" type="cond" truecount="2" falsecount="0"/>
        <line num="119" count="34" type="stmt"/>
        <line num="120" count="34" type="cond" truecount="4" falsecount="0"/>
        <line num="123" count="34" type="stmt"/>
        <line num="124" count="34" type="cond" truecount="1" falsecount="1"/>
        <line num="125" count="34" type="stmt"/>
        <line num="127" count="34" type="stmt"/>
        <line num="128" count="50" type="stmt"/>
        <line num="135" count="44" type="stmt"/>
        <line num="143" count="2" type="stmt"/>
        <line num="144" count="14" type="stmt"/>
        <line num="146" count="30" type="stmt"/>
        <line num="147" count="0" type="stmt"/>
        <line num="148" count="0" type="stmt"/>
        <line num="151" count="0" type="stmt"/>
        <line num="154" count="2" type="stmt"/>
        <line num="155" count="7" type="cond" truecount="2" falsecount="0"/>
        <line num="156" count="7" type="stmt"/>
        <line num="157" count="7" type="cond" truecount="1" falsecount="1"/>
        <line num="159" count="0" type="stmt"/>
        <line num="161" count="2" type="stmt"/>
        <line num="162" count="7" type="cond" truecount="1" falsecount="1"/>
        <line num="163" count="7" type="stmt"/>
        <line num="164" count="7" type="stmt"/>
        <line num="165" count="7" type="stmt"/>
        <line num="166" count="7" type="stmt"/>
        <line num="167" count="7" type="cond" truecount="1" falsecount="1"/>
        <line num="168" count="7" type="stmt"/>
        <line num="171" count="7" type="stmt"/>
        <line num="174" count="2" type="stmt"/>
        <line num="175" count="7" type="cond" truecount="1" falsecount="1"/>
        <line num="176" count="7" type="stmt"/>
        <line num="177" count="7" type="stmt"/>
        <line num="178" count="7" type="stmt"/>
        <line num="179" count="7" type="stmt"/>
        <line num="180" count="11" type="stmt"/>
        <line num="181" count="11" type="cond" truecount="1" falsecount="1"/>
        <line num="182" count="0" type="stmt"/>
        <line num="183" count="0" type="stmt"/>
        <line num="186" count="7" type="stmt"/>
      </file>
      <file name="_vendors.es.js" path="C:\MAMP\htdocs\aem-compatible\src\assets\scripts\_vendors.es.js">
        <metrics statements="0" coveredstatements="0" conditionals="0" coveredconditionals="0" methods="2" coveredmethods="2"/>
      </file>
    </package>
    <package name="components.grid-carousel">
      <metrics statements="9" coveredstatements="9" conditionals="2" coveredconditionals="1" methods="2" coveredmethods="2"/>
      <file name="_index.es.js" path="C:\MAMP\htdocs\aem-compatible\src\components\grid-carousel\_index.es.js">
        <metrics statements="9" coveredstatements="9" conditionals="2" coveredconditionals="1" methods="2" coveredmethods="2"/>
        <line num="6" count="5" type="stmt"/>
        <line num="9" count="5" type="stmt"/>
        <line num="10" count="5" type="cond" truecount="1" falsecount="1"/>
        <line num="11" count="5" type="stmt"/>
        <line num="12" count="5" type="stmt"/>
        <line num="13" count="5" type="stmt"/>
        <line num="14" count="5" type="stmt"/>
        <line num="15" count="5" type="stmt"/>
        <line num="16" count="5" type="stmt"/>
      </file>
    </package>
    <package name="components.hero-slider">
      <metrics statements="7" coveredstatements="7" conditionals="2" coveredconditionals="1" methods="2" coveredmethods="2"/>
      <file name="_index.es.js" path="C:\MAMP\htdocs\aem-compatible\src\components\hero-slider\_index.es.js">
        <metrics statements="7" coveredstatements="7" conditionals="2" coveredconditionals="1" methods="2" coveredmethods="2"/>
        <line num="5" count="5" type="stmt"/>
        <line num="8" count="5" type="stmt"/>
        <line num="9" count="5" type="cond" truecount="1" falsecount="1"/>
        <line num="10" count="5" type="stmt"/>
        <line num="11" count="5" type="stmt"/>
        <line num="12" count="5" type="stmt"/>
        <line num="13" count="5" type="stmt"/>
      </file>
    </package>
    <package name="components.sitefooter">
      <metrics statements="0" coveredstatements="0" conditionals="0" coveredconditionals="0" methods="2" coveredmethods="2"/>
      <file name="_index.es.js" path="C:\MAMP\htdocs\aem-compatible\src\components\sitefooter\_index.es.js">
        <metrics statements="0" coveredstatements="0" conditionals="0" coveredconditionals="0" methods="2" coveredmethods="2"/>
      </file>
    </package>
    <package name="components.siteheader">
      <metrics statements="3" coveredstatements="3" conditionals="0" coveredconditionals="0" methods="2" coveredmethods="2"/>
      <file name="_index.es.js" path="C:\MAMP\htdocs\aem-compatible\src\components\siteheader\_index.es.js">
        <metrics statements="3" coveredstatements="3" conditionals="0" coveredconditionals="0" methods="2" coveredmethods="2"/>
        <line num="7" count="5" type="stmt"/>
        <line num="8" count="5" type="stmt"/>
        <line num="9" count="5" type="stmt"/>
      </file>
    </package>
    <package name="templates._baseLayoutPage.clientlibs.scripts">
      <metrics statements="42" coveredstatements="42" conditionals="30" coveredconditionals="23" methods="12" coveredmethods="12"/>
      <file name="head-scripts.es.js" path="C:\MAMP\htdocs\aem-compatible\src\templates\_baseLayoutPage\clientlibs\scripts\head-scripts.es.js">
        <metrics statements="4" coveredstatements="4" conditionals="2" coveredconditionals="1" methods="2" coveredmethods="2"/>
        <line num="8" count="5" type="cond" truecount="1" falsecount="1"/>
        <line num="9" count="5" type="stmt"/>
        <line num="14" count="5" type="stmt"/>
        <line num="15" count="5" type="stmt"/>
      </file>
      <file name="index.es.js" path="C:\MAMP\htdocs\aem-compatible\src\templates\_baseLayoutPage\clientlibs\scripts\index.es.js">
        <metrics statements="38" coveredstatements="38" conditionals="28" coveredconditionals="22" methods="10" coveredmethods="10"/>
        <line num="15" count="5" type="cond" truecount="2" falsecount="2"/>
        <line num="16" count="5" type="stmt"/>
        <line num="17" count="10" type="stmt"/>
        <line num="18" count="30" type="stmt"/>
        <line num="19" count="30" type="cond" truecount="6" falsecount="0"/>
        <line num="50" count="17" type="stmt"/>
        <line num="51" count="17" type="cond" truecount="3" falsecount="1"/>
        <line num="52" count="25" type="stmt"/>
        <line num="53" count="14" type="stmt"/>
        <line num="54" count="14" type="cond" truecount="2" falsecount="0"/>
        <line num="55" count="8" type="stmt"/>
        <line num="56" count="4" type="stmt"/>
        <line num="58" count="6" type="cond" truecount="2" falsecount="0"/>
        <line num="59" count="6" type="stmt"/>
        <line num="60" count="6" type="stmt"/>
        <line num="64" count="5" type="cond" truecount="3" falsecount="1"/>
        <line num="65" count="4" type="stmt"/>
        <line num="66" count="4" type="stmt"/>
        <line num="68" count="5" type="cond" truecount="3" falsecount="1"/>
        <line num="69" count="5" type="stmt"/>
        <line num="70" count="5" type="stmt"/>
        <line num="75" count="5" type="stmt"/>
        <line num="76" count="5" type="cond" truecount="1" falsecount="1"/>
        <line num="77" count="5" type="stmt"/>
        <line num="78" count="5" type="stmt"/>
        <line num="79" count="5" type="stmt"/>
        <line num="81" count="5" type="stmt"/>
        <line num="82" count="5" type="stmt"/>
        <line num="83" count="5" type="stmt"/>
        <line num="84" count="5" type="stmt"/>
        <line num="87" count="5" type="stmt"/>
        <line num="88" count="5" type="stmt"/>
        <line num="92" count="1" type="stmt"/>
        <line num="93" count="1" type="stmt"/>
        <line num="94" count="1" type="stmt"/>
        <line num="97" count="1" type="stmt"/>
        <line num="98" count="1" type="stmt"/>
        <line num="99" count="1" type="stmt"/>
      </file>
    </package>
    <package name="templates.home.clientlibs.scripts">
      <metrics statements="7" coveredstatements="7" conditionals="0" coveredconditionals="0" methods="3" coveredmethods="3"/>
      <file name="index.es.js" path="C:\MAMP\htdocs\aem-compatible\src\templates\home\clientlibs\scripts\index.es.js">
        <metrics statements="7" coveredstatements="7" conditionals="0" coveredconditionals="0" methods="3" coveredmethods="3"/>
        <line num="8" count="5" type="stmt"/>
        <line num="9" count="5" type="stmt"/>
        <line num="10" count="5" type="stmt"/>
        <line num="11" count="5" type="stmt"/>
        <line num="15" count="5" type="stmt"/>
        <line num="16" count="5" type="stmt"/>
        <line num="17" count="5" type="stmt"/>
      </file>
    </package>
  </project>
</coverage>
