<?xml version="1.0" encoding="UTF-8"?>
<coverage generated="1608908401937" clover="3.2.0">
  <project timestamp="1608908401937" name="All files">
    <metrics statements="197" coveredstatements="187" conditionals="106" coveredconditionals="72" methods="52" coveredmethods="51" elements="355" coveredelements="310" complexity="0" loc="197" ncloc="197" packages="9" files="12" classes="12"/>
    <package name="assets.scripts">
      <metrics statements="108" coveredstatements="102" conditionals="64" coveredconditionals="44" methods="21" coveredmethods="20"/>
      <file name="_constants.es.js" path="C:\MAMP\htdocs\aem-compatible\src\assets\scripts\_constants.es.js">
        <metrics statements="79" coveredstatements="74" conditionals="38" coveredconditionals="26" methods="12" coveredmethods="11"/>
        <line num="1" count="36" type="stmt"/>
        <line num="2" count="36" type="stmt"/>
        <line num="3" count="36" type="stmt"/>
        <line num="4" count="36" type="stmt"/>
        <line num="5" count="36" type="stmt"/>
        <line num="6" count="36" type="stmt"/>
        <line num="27" count="36" type="stmt"/>
        <line num="28" count="61" type="stmt"/>
        <line num="29" count="61" type="cond" truecount="2" falsecount="0"/>
        <line num="31" count="69" type="stmt"/>
        <line num="32" count="67" type="stmt"/>
        <line num="34" count="69" type="stmt"/>
        <line num="35" count="67" type="stmt"/>
        <line num="36" count="67" type="cond" truecount="2" falsecount="0"/>
        <line num="42" count="69" type="stmt"/>
        <line num="43" count="67" type="stmt"/>
        <line num="45" count="67" type="stmt"/>
        <line num="48" count="67" type="cond" truecount="1" falsecount="1"/>
        <line num="55" count="67" type="stmt"/>
        <line num="59" count="24" type="stmt"/>
        <line num="63" count="40" type="stmt"/>
        <line num="67" count="102" type="stmt"/>
        <line num="73" count="34" type="stmt"/>
        <line num="76" count="68" type="stmt"/>
        <line num="79" count="20" type="stmt"/>
        <line num="81" count="16" type="stmt"/>
        <line num="84" count="51" type="stmt"/>
        <line num="87" count="69" type="stmt"/>
        <line num="90" count="84" type="stmt"/>
        <line num="94" count="33" type="stmt"/>
        <line num="98" count="49" type="stmt"/>
        <line num="101" count="51" type="stmt"/>
        <line num="104" count="69" type="stmt"/>
        <line num="106" count="84" type="stmt"/>
        <line num="108" count="84" type="stmt"/>
        <line num="111" count="86" type="stmt"/>
        <line num="112" count="90" type="stmt"/>
        <line num="113" count="90" type="cond" truecount="2" falsecount="0"/>
        <line num="115" count="90" type="stmt"/>
        <line num="116" count="55" type="cond" truecount="2" falsecount="0"/>
        <line num="119" count="90" type="stmt"/>
        <line num="120" count="75" type="cond" truecount="4" falsecount="0"/>
        <line num="123" count="90" type="stmt"/>
        <line num="124" count="90" type="cond" truecount="1" falsecount="1"/>
        <line num="125" count="90" type="stmt"/>
        <line num="127" count="90" type="stmt"/>
        <line num="128" count="119" type="stmt"/>
        <line num="135" count="113" type="stmt"/>
        <line num="143" count="53" type="stmt"/>
        <line num="144" count="65" type="stmt"/>
        <line num="146" count="53" type="stmt"/>
        <line num="147" count="0" type="stmt"/>
        <line num="148" count="33" type="stmt"/>
        <line num="151" count="0" type="stmt"/>
        <line num="154" count="2" type="stmt"/>
        <line num="155" count="7" type="cond" truecount="2" falsecount="0"/>
        <line num="156" count="7" type="stmt"/>
        <line num="157" count="7" type="cond" truecount="1" falsecount="1"/>
        <line num="159" count="0" type="stmt"/>
        <line num="161" count="2" type="stmt"/>
        <line num="162" count="7" type="cond" truecount="1" falsecount="1"/>
        <line num="163" count="7" type="stmt"/>
        <line num="164" count="7" type="stmt"/>
        <line num="165" count="7" type="stmt"/>
        <line num="166" count="7" type="stmt"/>
        <line num="167" count="7" type="cond" truecount="1" falsecount="1"/>
        <line num="168" count="7" type="stmt"/>
        <line num="171" count="7" type="stmt"/>
        <line num="174" count="2" type="stmt"/>
        <line num="175" count="7" type="cond" truecount="1" falsecount="1"/>
        <line num="176" count="7" type="stmt"/>
        <line num="177" count="7" type="stmt"/>
        <line num="178" count="7" type="stmt"/>
        <line num="179" count="7" type="stmt"/>
        <line num="180" count="11" type="stmt"/>
        <line num="181" count="11" type="cond" truecount="1" falsecount="1"/>
        <line num="182" count="0" type="stmt"/>
        <line num="183" count="0" type="stmt"/>
        <line num="186" count="7" type="stmt"/>
      </file>
      <file name="_form-validators.es.js" path="C:\MAMP\htdocs\aem-compatible\src\assets\scripts\_form-validators.es.js">
        <metrics statements="29" coveredstatements="28" conditionals="26" coveredconditionals="18" methods="7" coveredmethods="7"/>
        <line num="6" count="4" type="stmt"/>
        <line num="9" count="4" type="stmt"/>
        <line num="10" count="3" type="cond" truecount="1" falsecount="3"/>
        <line num="11" count="3" type="stmt"/>
        <line num="13" count="3" type="stmt"/>
        <line num="14" count="0" type="stmt"/>
        <line num="19" count="1" type="cond" truecount="1" falsecount="1"/>
        <line num="20" count="1" type="stmt"/>
        <line num="21" count="1" type="stmt"/>
        <line num="24" count="1" type="cond" truecount="1" falsecount="1"/>
        <line num="25" count="1" type="stmt"/>
        <line num="26" count="3" type="stmt"/>
        <line num="27" count="3" type="stmt"/>
        <line num="28" count="3" type="stmt"/>
        <line num="29" count="6" type="cond" truecount="2" falsecount="0"/>
        <line num="30" count="6" type="cond" truecount="2" falsecount="0"/>
        <line num="32" count="30" type="cond" truecount="2" falsecount="0"/>
        <line num="33" count="28" type="cond" truecount="2" falsecount="0"/>
        <line num="35" count="30" type="cond" truecount="2" falsecount="0"/>
        <line num="36" count="29" type="stmt"/>
        <line num="41" count="30" type="cond" truecount="2" falsecount="0"/>
        <line num="42" count="28" type="stmt"/>
        <line num="48" count="28" type="cond" truecount="1" falsecount="1"/>
        <line num="49" count="28" type="stmt"/>
        <line num="51" count="28" type="stmt"/>
        <line num="52" count="25" type="stmt"/>
        <line num="53" count="4" type="stmt"/>
        <line num="54" count="28" type="stmt"/>
        <line num="55" count="28" type="stmt"/>
      </file>
      <file name="_vendors.es.js" path="C:\MAMP\htdocs\aem-compatible\src\assets\scripts\_vendors.es.js">
        <metrics statements="0" coveredstatements="0" conditionals="0" coveredconditionals="0" methods="2" coveredmethods="2"/>
      </file>
    </package>
    <package name="components.grid-carousel">
      <metrics statements="9" coveredstatements="9" conditionals="2" coveredconditionals="1" methods="2" coveredmethods="2"/>
      <file name="_index.es.js" path="C:\MAMP\htdocs\aem-compatible\src\components\grid-carousel\_index.es.js">
        <metrics statements="9" coveredstatements="9" conditionals="2" coveredconditionals="1" methods="2" coveredmethods="2"/>
        <line num="6" count="14" type="stmt"/>
        <line num="9" count="14" type="stmt"/>
        <line num="10" count="14" type="cond" truecount="1" falsecount="1"/>
        <line num="11" count="14" type="stmt"/>
        <line num="12" count="14" type="stmt"/>
        <line num="13" count="14" type="stmt"/>
        <line num="14" count="14" type="stmt"/>
        <line num="15" count="14" type="stmt"/>
        <line num="16" count="14" type="stmt"/>
      </file>
    </package>
    <package name="components.hero-slider">
      <metrics statements="7" coveredstatements="7" conditionals="2" coveredconditionals="1" methods="2" coveredmethods="2"/>
      <file name="_index.es.js" path="C:\MAMP\htdocs\aem-compatible\src\components\hero-slider\_index.es.js">
        <metrics statements="7" coveredstatements="7" conditionals="2" coveredconditionals="1" methods="2" coveredmethods="2"/>
        <line num="5" count="11" type="stmt"/>
        <line num="8" count="11" type="stmt"/>
        <line num="9" count="11" type="cond" truecount="1" falsecount="1"/>
        <line num="10" count="11" type="stmt"/>
        <line num="11" count="11" type="stmt"/>
        <line num="12" count="11" type="stmt"/>
        <line num="13" count="11" type="stmt"/>
      </file>
    </package>
    <package name="components.sitefooter">
      <metrics statements="0" coveredstatements="0" conditionals="0" coveredconditionals="0" methods="2" coveredmethods="2"/>
      <file name="_index.es.js" path="C:\MAMP\htdocs\aem-compatible\src\components\sitefooter\_index.es.js">
        <metrics statements="0" coveredstatements="0" conditionals="0" coveredconditionals="0" methods="2" coveredmethods="2"/>
      </file>
    </package>
    <package name="components.siteheader">
      <metrics statements="3" coveredstatements="3" conditionals="0" coveredconditionals="0" methods="2" coveredmethods="2"/>
      <file name="_index.es.js" path="C:\MAMP\htdocs\aem-compatible\src\components\siteheader\_index.es.js">
        <metrics statements="3" coveredstatements="3" conditionals="0" coveredconditionals="0" methods="2" coveredmethods="2"/>
        <line num="7" count="18" type="stmt"/>
        <line num="8" count="18" type="stmt"/>
        <line num="9" count="18" type="stmt"/>
      </file>
    </package>
    <package name="templates._baseLayoutPage.clientlibs.scripts">
      <metrics statements="42" coveredstatements="42" conditionals="30" coveredconditionals="23" methods="13" coveredmethods="13"/>
      <file name="head-scripts.es.js" path="C:\MAMP\htdocs\aem-compatible\src\templates\_baseLayoutPage\clientlibs\scripts\head-scripts.es.js">
        <metrics statements="4" coveredstatements="4" conditionals="2" coveredconditionals="1" methods="3" coveredmethods="3"/>
        <line num="8" count="18" type="cond" truecount="1" falsecount="1"/>
        <line num="9" count="18" type="stmt"/>
        <line num="14" count="18" type="stmt"/>
        <line num="15" count="18" type="stmt"/>
      </file>
      <file name="index.es.js" path="C:\MAMP\htdocs\aem-compatible\src\templates\_baseLayoutPage\clientlibs\scripts\index.es.js">
        <metrics statements="38" coveredstatements="38" conditionals="28" coveredconditionals="22" methods="10" coveredmethods="10"/>
        <line num="15" count="18" type="cond" truecount="2" falsecount="2"/>
        <line num="16" count="18" type="stmt"/>
        <line num="17" count="23" type="stmt"/>
        <line num="18" count="73" type="stmt"/>
        <line num="19" count="73" type="cond" truecount="6" falsecount="0"/>
        <line num="50" count="48" type="stmt"/>
        <line num="51" count="48" type="cond" truecount="3" falsecount="1"/>
        <line num="52" count="68" type="stmt"/>
        <line num="53" count="26" type="stmt"/>
        <line num="54" count="26" type="cond" truecount="2" falsecount="0"/>
        <line num="55" count="21" type="stmt"/>
        <line num="56" count="4" type="stmt"/>
        <line num="58" count="6" type="cond" truecount="2" falsecount="0"/>
        <line num="59" count="19" type="stmt"/>
        <line num="60" count="19" type="stmt"/>
        <line num="64" count="18" type="cond" truecount="3" falsecount="1"/>
        <line num="65" count="17" type="stmt"/>
        <line num="66" count="17" type="stmt"/>
        <line num="68" count="18" type="cond" truecount="3" falsecount="1"/>
        <line num="69" count="18" type="stmt"/>
        <line num="70" count="18" type="stmt"/>
        <line num="75" count="18" type="stmt"/>
        <line num="76" count="18" type="cond" truecount="1" falsecount="1"/>
        <line num="77" count="18" type="stmt"/>
        <line num="78" count="18" type="stmt"/>
        <line num="79" count="18" type="stmt"/>
        <line num="81" count="18" type="stmt"/>
        <line num="82" count="18" type="stmt"/>
        <line num="83" count="18" type="stmt"/>
        <line num="84" count="18" type="stmt"/>
        <line num="87" count="7" type="stmt"/>
        <line num="88" count="7" type="stmt"/>
        <line num="92" count="1" type="stmt"/>
        <line num="93" count="1" type="stmt"/>
        <line num="94" count="1" type="stmt"/>
        <line num="97" count="1" type="stmt"/>
        <line num="98" count="1" type="stmt"/>
        <line num="99" count="1" type="stmt"/>
      </file>
    </package>
    <package name="templates.home.clientlibs.scripts">
      <metrics statements="7" coveredstatements="7" conditionals="0" coveredconditionals="0" methods="3" coveredmethods="3"/>
      <file name="index.es.js" path="C:\MAMP\htdocs\aem-compatible\src\templates\home\clientlibs\scripts\index.es.js">
        <metrics statements="7" coveredstatements="7" conditionals="0" coveredconditionals="0" methods="3" coveredmethods="3"/>
        <line num="8" count="11" type="stmt"/>
        <line num="9" count="11" type="stmt"/>
        <line num="10" count="11" type="stmt"/>
        <line num="11" count="11" type="stmt"/>
        <line num="15" count="11" type="stmt"/>
        <line num="16" count="11" type="stmt"/>
        <line num="17" count="11" type="stmt"/>
      </file>
    </package>
    <package name="templates.registration.clientlibs.scripts">
      <metrics statements="5" coveredstatements="5" conditionals="0" coveredconditionals="0" methods="3" coveredmethods="3"/>
      <file name="index.es.js" path="C:\MAMP\htdocs\aem-compatible\src\templates\registration\clientlibs\scripts\index.es.js">
        <metrics statements="5" coveredstatements="5" conditionals="0" coveredconditionals="0" methods="3" coveredmethods="3"/>
        <line num="6" count="4" type="stmt"/>
        <line num="7" count="4" type="stmt"/>
        <line num="11" count="4" type="stmt"/>
        <line num="12" count="4" type="stmt"/>
        <line num="13" count="4" type="stmt"/>
      </file>
    </package>
    <package name="templates.search-results.clientlibs.scripts">
      <metrics statements="16" coveredstatements="12" conditionals="8" coveredconditionals="3" methods="4" coveredmethods="4"/>
      <file name="index.es.js" path="C:\MAMP\htdocs\aem-compatible\src\templates\search-results\clientlibs\scripts\index.es.js">
        <metrics statements="16" coveredstatements="12" conditionals="8" coveredconditionals="3" methods="4" coveredmethods="4"/>
        <line num="12" count="3" type="cond" truecount="1" falsecount="1"/>
        <line num="13" count="3" type="cond" truecount="1" falsecount="1"/>
        <line num="14" count="0" type="cond" truecount="0" falsecount="2"/>
        <line num="15" count="0" type="stmt"/>
        <line num="17" count="0" type="stmt"/>
        <line num="19" count="3" type="cond" truecount="1" falsecount="1"/>
        <line num="20" count="0" type="stmt"/>
        <line num="22" count="3" type="stmt"/>
        <line num="27" count="3" type="stmt"/>
        <line num="28" count="3" type="stmt"/>
        <line num="29" count="3" type="stmt"/>
        <line num="30" count="3" type="stmt"/>
        <line num="31" count="3" type="stmt"/>
        <line num="35" count="3" type="stmt"/>
        <line num="36" count="3" type="stmt"/>
        <line num="37" count="3" type="stmt"/>
      </file>
    </package>
  </project>
</coverage>
