{"C:\\MAMP\\htdocs\\aem-compatible\\src\\assets\\scripts\\_constants.es.js": {"path":"C:\\MAMP\\htdocs\\aem-compatible\\src\\assets\\scripts\\_constants.es.js","statementMap":{"0":{"start":{"line":1,"column":35},"end":{"line":1,"column":39}},"1":{"start":{"line":2,"column":36},"end":{"line":2,"column":40}},"2":{"start":{"line":3,"column":33},"end":{"line":3,"column":38}},"3":{"start":{"line":4,"column":34},"end":{"line":4,"column":48}},"4":{"start":{"line":5,"column":33},"end":{"line":5,"column":46}},"5":{"start":{"line":6,"column":39},"end":{"line":26,"column":1}},"6":{"start":{"line":27,"column":24},"end":{"line":30,"column":1}},"7":{"start":{"line":28,"column":12},"end":{"line":28,"column":26}},"8":{"start":{"line":29,"column":2},"end":{"line":29,"column":43}},"9":{"start":{"line":31,"column":25},"end":{"line":33,"column":1}},"10":{"start":{"line":32,"column":2},"end":{"line":32,"column":76}},"11":{"start":{"line":34,"column":25},"end":{"line":41,"column":1}},"12":{"start":{"line":35,"column":15},"end":{"line":35,"column":68}},"13":{"start":{"line":36,"column":2},"end":{"line":40,"column":11}},"14":{"start":{"line":42,"column":32},"end":{"line":110,"column":1}},"15":{"start":{"line":43,"column":2},"end":{"line":109,"column":3}},"16":{"start":{"line":45,"column":17},"end":{"line":45,"column":49}},"17":{"start":{"line":48,"column":14},"end":{"line":48,"column":58}},"18":{"start":{"line":55,"column":10},"end":{"line":55,"column":30}},"19":{"start":{"line":59,"column":12},"end":{"line":59,"column":13}},"20":{"start":{"line":63,"column":4},"end":{"line":66,"column":24}},"21":{"start":{"line":67,"column":4},"end":{"line":70,"column":23}},"22":{"start":{"line":73,"column":4},"end":{"line":73,"column":42}},"23":{"start":{"line":76,"column":4},"end":{"line":76,"column":56}},"24":{"start":{"line":79,"column":4},"end":{"line":79,"column":33}},"25":{"start":{"line":81,"column":4},"end":{"line":95,"column":5}},"26":{"start":{"line":81,"column":17},"end":{"line":81,"column":18}},"27":{"start":{"line":84,"column":4},"end":{"line":84,"column":29}},"28":{"start":{"line":87,"column":4},"end":{"line":87,"column":33}},"29":{"start":{"line":90,"column":4},"end":{"line":90,"column":33}},"30":{"start":{"line":94,"column":4},"end":{"line":94,"column":12}},"31":{"start":{"line":98,"column":4},"end":{"line":98,"column":38}},"32":{"start":{"line":101,"column":4},"end":{"line":101,"column":38}},"33":{"start":{"line":104,"column":4},"end":{"line":104,"column":38}},"34":{"start":{"line":106,"column":4},"end":{"line":106,"column":15}},"35":{"start":{"line":108,"column":4},"end":{"line":108,"column":16}},"36":{"start":{"line":111,"column":34},"end":{"line":142,"column":1}},"37":{"start":{"line":112,"column":2},"end":{"line":141,"column":3}},"38":{"start":{"line":113,"column":28},"end":{"line":113,"column":47}},"39":{"start":{"line":113,"column":55},"end":{"line":113,"column":81}},"40":{"start":{"line":115,"column":19},"end":{"line":117,"column":5}},"41":{"start":{"line":116,"column":6},"end":{"line":116,"column":47}},"42":{"start":{"line":119,"column":20},"end":{"line":121,"column":5}},"43":{"start":{"line":120,"column":6},"end":{"line":120,"column":79}},"44":{"start":{"line":123,"column":4},"end":{"line":123,"column":34}},"45":{"start":{"line":124,"column":4},"end":{"line":126,"column":5}},"46":{"start":{"line":125,"column":6},"end":{"line":125,"column":41}},"47":{"start":{"line":127,"column":4},"end":{"line":127,"column":27}},"48":{"start":{"line":128,"column":4},"end":{"line":133,"column":6}},"49":{"start":{"line":135,"column":4},"end":{"line":140,"column":6}},"50":{"start":{"line":143,"column":27},"end":{"line":145,"column":1}},"51":{"start":{"line":144,"column":2},"end":{"line":144,"column":39}},"52":{"start":{"line":146,"column":26},"end":{"line":153,"column":1}},"53":{"start":{"line":147,"column":2},"end":{"line":152,"column":3}},"54":{"start":{"line":148,"column":6},"end":{"line":148,"column":45}},"55":{"start":{"line":151,"column":6},"end":{"line":151,"column":16}},"56":{"start":{"line":154,"column":25},"end":{"line":160,"column":1}},"57":{"start":{"line":155,"column":2},"end":{"line":158,"column":3}},"58":{"start":{"line":156,"column":19},"end":{"line":156,"column":47}},"59":{"start":{"line":157,"column":6},"end":{"line":157,"column":53}},"60":{"start":{"line":159,"column":2},"end":{"line":159,"column":15}},"61":{"start":{"line":161,"column":25},"end":{"line":173,"column":1}},"62":{"start":{"line":162,"column":2},"end":{"line":172,"column":3}},"63":{"start":{"line":163,"column":19},"end":{"line":163,"column":33}},"64":{"start":{"line":164,"column":25},"end":{"line":164,"column":38}},"65":{"start":{"line":165,"column":6},"end":{"line":170,"column":7}},"66":{"start":{"line":165,"column":19},"end":{"line":165,"column":20}},"67":{"start":{"line":166,"column":24},"end":{"line":166,"column":33}},"68":{"start":{"line":167,"column":10},"end":{"line":169,"column":11}},"69":{"start":{"line":168,"column":14},"end":{"line":168,"column":49}},"70":{"start":{"line":171,"column":6},"end":{"line":171,"column":57}},"71":{"start":{"line":174,"column":28},"end":{"line":188,"column":1}},"72":{"start":{"line":175,"column":2},"end":{"line":187,"column":3}},"73":{"start":{"line":176,"column":19},"end":{"line":176,"column":33}},"74":{"start":{"line":177,"column":21},"end":{"line":177,"column":49}},"75":{"start":{"line":178,"column":27},"end":{"line":178,"column":42}},"76":{"start":{"line":179,"column":6},"end":{"line":185,"column":7}},"77":{"start":{"line":179,"column":19},"end":{"line":179,"column":20}},"78":{"start":{"line":180,"column":24},"end":{"line":180,"column":35}},"79":{"start":{"line":181,"column":10},"end":{"line":184,"column":11}},"80":{"start":{"line":182,"column":14},"end":{"line":182,"column":36}},"81":{"start":{"line":183,"column":14},"end":{"line":183,"column":18}},"82":{"start":{"line":186,"column":6},"end":{"line":186,"column":58}}},"fnMap":{"0":{"name":"(anonymous_0)","decl":{"start":{"line":27,"column":24},"end":{"line":27,"column":25}},"loc":{"start":{"line":27,"column":29},"end":{"line":30,"column":1}},"line":27},"1":{"name":"(anonymous_1)","decl":{"start":{"line":31,"column":25},"end":{"line":31,"column":26}},"loc":{"start":{"line":31,"column":38},"end":{"line":33,"column":1}},"line":31},"2":{"name":"(anonymous_2)","decl":{"start":{"line":34,"column":25},"end":{"line":34,"column":26}},"loc":{"start":{"line":34,"column":32},"end":{"line":41,"column":1}},"line":34},"3":{"name":"(anonymous_3)","decl":{"start":{"line":42,"column":32},"end":{"line":42,"column":33}},"loc":{"start":{"line":42,"column":48},"end":{"line":110,"column":1}},"line":42},"4":{"name":"(anonymous_4)","decl":{"start":{"line":111,"column":34},"end":{"line":111,"column":35}},"loc":{"start":{"line":111,"column":50},"end":{"line":142,"column":1}},"line":111},"5":{"name":"(anonymous_5)","decl":{"start":{"line":115,"column":19},"end":{"line":115,"column":20}},"loc":{"start":{"line":115,"column":30},"end":{"line":117,"column":5}},"line":115},"6":{"name":"(anonymous_6)","decl":{"start":{"line":119,"column":20},"end":{"line":119,"column":21}},"loc":{"start":{"line":119,"column":32},"end":{"line":121,"column":5}},"line":119},"7":{"name":"(anonymous_7)","decl":{"start":{"line":143,"column":27},"end":{"line":143,"column":28}},"loc":{"start":{"line":143,"column":42},"end":{"line":145,"column":1}},"line":143},"8":{"name":"(anonymous_8)","decl":{"start":{"line":146,"column":26},"end":{"line":146,"column":27}},"loc":{"start":{"line":146,"column":41},"end":{"line":153,"column":1}},"line":146},"9":{"name":"(anonymous_9)","decl":{"start":{"line":154,"column":25},"end":{"line":154,"column":26}},"loc":{"start":{"line":154,"column":49},"end":{"line":160,"column":1}},"line":154},"10":{"name":"(anonymous_10)","decl":{"start":{"line":161,"column":25},"end":{"line":161,"column":26}},"loc":{"start":{"line":161,"column":49},"end":{"line":173,"column":1}},"line":161},"11":{"name":"(anonymous_11)","decl":{"start":{"line":174,"column":28},"end":{"line":174,"column":29}},"loc":{"start":{"line":174,"column":52},"end":{"line":188,"column":1}},"line":174}},"branchMap":{"0":{"loc":{"start":{"line":29,"column":9},"end":{"line":29,"column":42}},"type":"cond-expr","locations":[{"start":{"line":29,"column":27},"end":{"line":29,"column":36}},{"start":{"line":29,"column":39},"end":{"line":29,"column":42}}],"line":29},"1":{"loc":{"start":{"line":36,"column":9},"end":{"line":40,"column":10}},"type":"cond-expr","locations":[{"start":{"line":36,"column":18},"end":{"line":40,"column":3}},{"start":{"line":40,"column":6},"end":{"line":40,"column":10}}],"line":36},"2":{"loc":{"start":{"line":48,"column":14},"end":{"line":48,"column":58}},"type":"binary-expr","locations":[{"start":{"line":48,"column":14},"end":{"line":48,"column":31}},{"start":{"line":48,"column":35},"end":{"line":48,"column":58}}],"line":48},"3":{"loc":{"start":{"line":64,"column":4},"end":{"line":66,"column":23}},"type":"binary-expr","locations":[{"start":{"line":64,"column":4},"end":{"line":64,"column":30}},{"start":{"line":65,"column":4},"end":{"line":65,"column":29}},{"start":{"line":66,"column":4},"end":{"line":66,"column":23}}],"line":64},"4":{"loc":{"start":{"line":68,"column":4},"end":{"line":70,"column":22}},"type":"binary-expr","locations":[{"start":{"line":68,"column":4},"end":{"line":68,"column":29}},{"start":{"line":69,"column":4},"end":{"line":69,"column":28}},{"start":{"line":70,"column":4},"end":{"line":70,"column":22}}],"line":68},"5":{"loc":{"start":{"line":113,"column":55},"end":{"line":113,"column":81}},"type":"binary-expr","locations":[{"start":{"line":113,"column":55},"end":{"line":113,"column":59}},{"start":{"line":113,"column":63},"end":{"line":113,"column":81}}],"line":113},"6":{"loc":{"start":{"line":116,"column":13},"end":{"line":116,"column":46}},"type":"binary-expr","locations":[{"start":{"line":116,"column":13},"end":{"line":116,"column":24}},{"start":{"line":116,"column":28},"end":{"line":116,"column":46}}],"line":116},"7":{"loc":{"start":{"line":120,"column":13},"end":{"line":120,"column":78}},"type":"cond-expr","locations":[{"start":{"line":120,"column":32},"end":{"line":120,"column":36}},{"start":{"line":120,"column":39},"end":{"line":120,"column":78}}],"line":120},"8":{"loc":{"start":{"line":120,"column":39},"end":{"line":120,"column":78}},"type":"binary-expr","locations":[{"start":{"line":120,"column":39},"end":{"line":120,"column":58}},{"start":{"line":120,"column":62},"end":{"line":120,"column":78}}],"line":120},"9":{"loc":{"start":{"line":124,"column":4},"end":{"line":126,"column":5}},"type":"if","locations":[{"start":{"line":124,"column":4},"end":{"line":126,"column":5}},{"start":{"line":124,"column":4},"end":{"line":126,"column":5}}],"line":124},"10":{"loc":{"start":{"line":131,"column":13},"end":{"line":131,"column":38}},"type":"cond-expr","locations":[{"start":{"line":131,"column":25},"end":{"line":131,"column":34}},{"start":{"line":131,"column":37},"end":{"line":131,"column":38}}],"line":131},"11":{"loc":{"start":{"line":132,"column":14},"end":{"line":132,"column":41}},"type":"cond-expr","locations":[{"start":{"line":132,"column":27},"end":{"line":132,"column":37}},{"start":{"line":132,"column":40},"end":{"line":132,"column":41}}],"line":132},"12":{"loc":{"start":{"line":155,"column":2},"end":{"line":158,"column":3}},"type":"if","locations":[{"start":{"line":155,"column":2},"end":{"line":158,"column":3}},{"start":{"line":155,"column":2},"end":{"line":158,"column":3}}],"line":155},"13":{"loc":{"start":{"line":157,"column":13},"end":{"line":157,"column":52}},"type":"cond-expr","locations":[{"start":{"line":157,"column":40},"end":{"line":157,"column":44}},{"start":{"line":157,"column":47},"end":{"line":157,"column":52}}],"line":157},"14":{"loc":{"start":{"line":162,"column":2},"end":{"line":172,"column":3}},"type":"if","locations":[{"start":{"line":162,"column":2},"end":{"line":172,"column":3}},{"start":{"line":162,"column":2},"end":{"line":172,"column":3}}],"line":162},"15":{"loc":{"start":{"line":167,"column":10},"end":{"line":169,"column":11}},"type":"if","locations":[{"start":{"line":167,"column":10},"end":{"line":169,"column":11}},{"start":{"line":167,"column":10},"end":{"line":169,"column":11}}],"line":167},"16":{"loc":{"start":{"line":175,"column":2},"end":{"line":187,"column":3}},"type":"if","locations":[{"start":{"line":175,"column":2},"end":{"line":187,"column":3}},{"start":{"line":175,"column":2},"end":{"line":187,"column":3}}],"line":175},"17":{"loc":{"start":{"line":181,"column":10},"end":{"line":184,"column":11}},"type":"if","locations":[{"start":{"line":181,"column":10},"end":{"line":184,"column":11}},{"start":{"line":181,"column":10},"end":{"line":184,"column":11}}],"line":181}},"s":{"0":18,"1":18,"2":18,"3":18,"4":18,"5":18,"6":18,"7":43,"8":43,"9":45,"10":43,"11":45,"12":43,"13":43,"14":45,"15":43,"16":43,"17":43,"18":43,"19":0,"20":16,"21":102,"22":16,"23":2,"24":2,"25":0,"26":16,"27":51,"28":51,"29":51,"30":0,"31":16,"32":51,"33":51,"34":51,"35":51,"36":53,"37":57,"38":57,"39":57,"40":57,"41":22,"42":57,"43":57,"44":57,"45":57,"46":57,"47":57,"48":86,"49":80,"50":2,"51":14,"52":53,"53":0,"54":0,"55":0,"56":2,"57":7,"58":7,"59":7,"60":0,"61":2,"62":7,"63":7,"64":7,"65":7,"66":7,"67":7,"68":7,"69":7,"70":7,"71":2,"72":7,"73":7,"74":7,"75":7,"76":7,"77":7,"78":11,"79":11,"80":0,"81":0,"82":7},"f":{"0":43,"1":43,"2":43,"3":102,"4":8,"5":57,"6":57,"7":65,"8":0,"9":7,"10":7,"11":7},"b":{"0":[43,43],"1":[43,43],"2":[0,43],"3":[43,43,null],"4":[43,0,null],"5":[49,6],"6":[49,6],"7":[51,6],"8":[6,57],"9":[57,0],"10":[57,0],"11":[57,0],"12":[7,80],"13":[0,7],"14":[7,0],"15":[7,0],"16":[7,0],"17":[0,11]},"_coverageSchema":"1a1c01bbd47fc00a2c39e90264f33305004495a9","hash":"61fa1588e3a1828f36ba70bfe688bf9f08643f1d"}
,"C:\\MAMP\\htdocs\\aem-compatible\\src\\assets\\scripts\\_form-validators.es.js": {"path":"C:\\MAMP\\htdocs\\aem-compatible\\src\\assets\\scripts\\_form-validators.es.js","statementMap":{"0":{"start":{"line":6,"column":4},"end":{"line":6,"column":23}},"1":{"start":{"line":9,"column":4},"end":{"line":15,"column":6}},"2":{"start":{"line":10,"column":6},"end":{"line":12,"column":7}},"3":{"start":{"line":11,"column":8},"end":{"line":11,"column":31}},"4":{"start":{"line":13,"column":19},"end":{"line":13,"column":46}},"5":{"start":{"line":14,"column":6},"end":{"line":14,"column":44}},"6":{"start":{"line":19,"column":4},"end":{"line":56,"column":7}},"7":{"start":{"line":20,"column":20},"end":{"line":20,"column":22}},"8":{"start":{"line":21,"column":24},"end":{"line":21,"column":26}},"9":{"start":{"line":24,"column":28},"end":{"line":24,"column":86}},"10":{"start":{"line":25,"column":6},"end":{"line":47,"column":9}},"11":{"start":{"line":26,"column":23},"end":{"line":26,"column":71}},"12":{"start":{"line":27,"column":28},"end":{"line":27,"column":58}},"13":{"start":{"line":28,"column":8},"end":{"line":28,"column":40}},"14":{"start":{"line":29,"column":8},"end":{"line":31,"column":9}},"15":{"start":{"line":30,"column":10},"end":{"line":30,"column":97}},"16":{"start":{"line":32,"column":8},"end":{"line":34,"column":9}},"17":{"start":{"line":33,"column":10},"end":{"line":33,"column":91}},"18":{"start":{"line":35,"column":8},"end":{"line":40,"column":9}},"19":{"start":{"line":36,"column":10},"end":{"line":39,"column":12}},"20":{"start":{"line":41,"column":8},"end":{"line":46,"column":9}},"21":{"start":{"line":42,"column":10},"end":{"line":45,"column":12}},"22":{"start":{"line":48,"column":6},"end":{"line":50,"column":7}},"23":{"start":{"line":49,"column":8},"end":{"line":49,"column":62}},"24":{"start":{"line":51,"column":6},"end":{"line":51,"column":51}},"25":{"start":{"line":52,"column":6},"end":{"line":52,"column":33}},"26":{"start":{"line":53,"column":6},"end":{"line":53,"column":34}},"27":{"start":{"line":54,"column":6},"end":{"line":54,"column":40}},"28":{"start":{"line":55,"column":6},"end":{"line":55,"column":34}}},"fnMap":{"0":{"name":"(anonymous_0)","decl":{"start":{"line":5,"column":2},"end":{"line":5,"column":3}},"loc":{"start":{"line":5,"column":16},"end":{"line":7,"column":3}},"line":5},"1":{"name":"(anonymous_1)","decl":{"start":{"line":8,"column":2},"end":{"line":8,"column":3}},"loc":{"start":{"line":8,"column":37},"end":{"line":16,"column":3}},"line":8},"2":{"name":"(anonymous_2)","decl":{"start":{"line":9,"column":11},"end":{"line":9,"column":12}},"loc":{"start":{"line":9,"column":17},"end":{"line":15,"column":5}},"line":9},"3":{"name":"(anonymous_3)","decl":{"start":{"line":17,"column":2},"end":{"line":17,"column":3}},"loc":{"start":{"line":17,"column":11},"end":{"line":57,"column":3}},"line":17},"4":{"name":"(anonymous_4)","decl":{"start":{"line":19,"column":85},"end":{"line":19,"column":86}},"loc":{"start":{"line":19,"column":96},"end":{"line":56,"column":5}},"line":19},"5":{"name":"(anonymous_5)","decl":{"start":{"line":25,"column":30},"end":{"line":25,"column":31}},"loc":{"start":{"line":25,"column":43},"end":{"line":47,"column":7}},"line":25}},"branchMap":{"0":{"loc":{"start":{"line":10,"column":6},"end":{"line":12,"column":7}},"type":"if","locations":[{"start":{"line":10,"column":6},"end":{"line":12,"column":7}},{"start":{"line":10,"column":6},"end":{"line":12,"column":7}}],"line":10},"1":{"loc":{"start":{"line":10,"column":10},"end":{"line":10,"column":23}},"type":"binary-expr","locations":[{"start":{"line":10,"column":10},"end":{"line":10,"column":15}},{"start":{"line":10,"column":19},"end":{"line":10,"column":23}}],"line":10},"2":{"loc":{"start":{"line":19,"column":15},"end":{"line":19,"column":75}},"type":"binary-expr","locations":[{"start":{"line":19,"column":15},"end":{"line":19,"column":69}},{"start":{"line":19,"column":73},"end":{"line":19,"column":75}}],"line":19},"3":{"loc":{"start":{"line":24,"column":39},"end":{"line":24,"column":85}},"type":"binary-expr","locations":[{"start":{"line":24,"column":39},"end":{"line":24,"column":79}},{"start":{"line":24,"column":83},"end":{"line":24,"column":85}}],"line":24},"4":{"loc":{"start":{"line":29,"column":8},"end":{"line":31,"column":9}},"type":"if","locations":[{"start":{"line":29,"column":8},"end":{"line":31,"column":9}},{"start":{"line":29,"column":8},"end":{"line":31,"column":9}}],"line":29},"5":{"loc":{"start":{"line":30,"column":58},"end":{"line":30,"column":95}},"type":"binary-expr","locations":[{"start":{"line":30,"column":58},"end":{"line":30,"column":89}},{"start":{"line":30,"column":93},"end":{"line":30,"column":95}}],"line":30},"6":{"loc":{"start":{"line":32,"column":8},"end":{"line":34,"column":9}},"type":"if","locations":[{"start":{"line":32,"column":8},"end":{"line":34,"column":9}},{"start":{"line":32,"column":8},"end":{"line":34,"column":9}}],"line":32},"7":{"loc":{"start":{"line":33,"column":55},"end":{"line":33,"column":89}},"type":"binary-expr","locations":[{"start":{"line":33,"column":55},"end":{"line":33,"column":83}},{"start":{"line":33,"column":87},"end":{"line":33,"column":89}}],"line":33},"8":{"loc":{"start":{"line":35,"column":8},"end":{"line":40,"column":9}},"type":"if","locations":[{"start":{"line":35,"column":8},"end":{"line":40,"column":9}},{"start":{"line":35,"column":8},"end":{"line":40,"column":9}}],"line":35},"9":{"loc":{"start":{"line":38,"column":21},"end":{"line":38,"column":56}},"type":"binary-expr","locations":[{"start":{"line":38,"column":21},"end":{"line":38,"column":50}},{"start":{"line":38,"column":54},"end":{"line":38,"column":56}}],"line":38},"10":{"loc":{"start":{"line":41,"column":8},"end":{"line":46,"column":9}},"type":"if","locations":[{"start":{"line":41,"column":8},"end":{"line":46,"column":9}},{"start":{"line":41,"column":8},"end":{"line":46,"column":9}}],"line":41},"11":{"loc":{"start":{"line":44,"column":21},"end":{"line":44,"column":55}},"type":"binary-expr","locations":[{"start":{"line":44,"column":21},"end":{"line":44,"column":49}},{"start":{"line":44,"column":53},"end":{"line":44,"column":55}}],"line":44},"12":{"loc":{"start":{"line":48,"column":6},"end":{"line":50,"column":7}},"type":"if","locations":[{"start":{"line":48,"column":6},"end":{"line":50,"column":7}},{"start":{"line":48,"column":6},"end":{"line":50,"column":7}}],"line":48}},"s":{"0":1,"1":1,"2":0,"3":0,"4":0,"5":0,"6":1,"7":1,"8":1,"9":1,"10":1,"11":3,"12":3,"13":3,"14":3,"15":3,"16":3,"17":1,"18":3,"19":2,"20":3,"21":1,"22":1,"23":1,"24":1,"25":1,"26":1,"27":1,"28":1},"f":{"0":1,"1":1,"2":0,"3":1,"4":1,"5":3},"b":{"0":[0,0],"1":[0,0],"2":[1,0],"3":[1,0],"4":[3,0],"5":[3,0],"6":[1,2],"7":[1,0],"8":[2,1],"9":[2,0],"10":[1,2],"11":[1,0],"12":[1,0]},"_coverageSchema":"1a1c01bbd47fc00a2c39e90264f33305004495a9","hash":"e04f9b0c93233a01b85651efc41209661dc9b03b"}
,"C:\\MAMP\\htdocs\\aem-compatible\\src\\assets\\scripts\\_vendors.es.js": {"path":"C:\\MAMP\\htdocs\\aem-compatible\\src\\assets\\scripts\\_vendors.es.js","statementMap":{},"fnMap":{"0":{"name":"(anonymous_0)","decl":{"start":{"line":4,"column":2},"end":{"line":4,"column":3}},"loc":{"start":{"line":4,"column":16},"end":{"line":4,"column":18}},"line":4},"1":{"name":"(anonymous_1)","decl":{"start":{"line":5,"column":2},"end":{"line":5,"column":3}},"loc":{"start":{"line":5,"column":11},"end":{"line":6,"column":3}},"line":5}},"branchMap":{},"s":{},"f":{"0":7,"1":7},"b":{},"_coverageSchema":"1a1c01bbd47fc00a2c39e90264f33305004495a9","hash":"045f4a0bb9392058f9c93c9d3ba27dd4de3dcffe"}
,"C:\\MAMP\\htdocs\\aem-compatible\\src\\components\\grid-carousel\\_index.es.js": {"path":"C:\\MAMP\\htdocs\\aem-compatible\\src\\components\\grid-carousel\\_index.es.js","statementMap":{"0":{"start":{"line":6,"column":4},"end":{"line":6,"column":29}},"1":{"start":{"line":9,"column":23},"end":{"line":9,"column":81}},"2":{"start":{"line":10,"column":4},"end":{"line":17,"column":5}},"3":{"start":{"line":11,"column":20},"end":{"line":11,"column":22}},"4":{"start":{"line":12,"column":6},"end":{"line":12,"column":50}},"5":{"start":{"line":13,"column":6},"end":{"line":13,"column":62}},"6":{"start":{"line":14,"column":6},"end":{"line":14,"column":80}},"7":{"start":{"line":15,"column":6},"end":{"line":15,"column":76}},"8":{"start":{"line":16,"column":6},"end":{"line":16,"column":62}}},"fnMap":{"0":{"name":"(anonymous_0)","decl":{"start":{"line":5,"column":2},"end":{"line":5,"column":3}},"loc":{"start":{"line":5,"column":16},"end":{"line":7,"column":3}},"line":5},"1":{"name":"(anonymous_1)","decl":{"start":{"line":8,"column":2},"end":{"line":8,"column":3}},"loc":{"start":{"line":8,"column":11},"end":{"line":18,"column":3}},"line":8}},"branchMap":{"0":{"loc":{"start":{"line":10,"column":4},"end":{"line":17,"column":5}},"type":"if","locations":[{"start":{"line":10,"column":4},"end":{"line":17,"column":5}},{"start":{"line":10,"column":4},"end":{"line":17,"column":5}}],"line":10}},"s":{"0":8,"1":8,"2":8,"3":8,"4":8,"5":8,"6":8,"7":8,"8":8},"f":{"0":8,"1":8},"b":{"0":[8,0]},"_coverageSchema":"1a1c01bbd47fc00a2c39e90264f33305004495a9","hash":"a48c627b3eac83dd1ef886b4801f41fcd38988ad"}
,"C:\\MAMP\\htdocs\\aem-compatible\\src\\components\\hero-slider\\_index.es.js": {"path":"C:\\MAMP\\htdocs\\aem-compatible\\src\\components\\hero-slider\\_index.es.js","statementMap":{"0":{"start":{"line":5,"column":4},"end":{"line":5,"column":29}},"1":{"start":{"line":8,"column":21},"end":{"line":8,"column":77}},"2":{"start":{"line":9,"column":4},"end":{"line":14,"column":5}},"3":{"start":{"line":10,"column":20},"end":{"line":10,"column":22}},"4":{"start":{"line":11,"column":6},"end":{"line":11,"column":50}},"5":{"start":{"line":12,"column":6},"end":{"line":12,"column":62}},"6":{"start":{"line":13,"column":6},"end":{"line":13,"column":60}}},"fnMap":{"0":{"name":"(anonymous_0)","decl":{"start":{"line":4,"column":2},"end":{"line":4,"column":3}},"loc":{"start":{"line":4,"column":16},"end":{"line":6,"column":3}},"line":4},"1":{"name":"(anonymous_1)","decl":{"start":{"line":7,"column":2},"end":{"line":7,"column":3}},"loc":{"start":{"line":7,"column":11},"end":{"line":15,"column":3}},"line":7}},"branchMap":{"0":{"loc":{"start":{"line":9,"column":4},"end":{"line":14,"column":5}},"type":"if","locations":[{"start":{"line":9,"column":4},"end":{"line":14,"column":5}},{"start":{"line":9,"column":4},"end":{"line":14,"column":5}}],"line":9}},"s":{"0":8,"1":8,"2":8,"3":8,"4":8,"5":8,"6":8},"f":{"0":8,"1":8},"b":{"0":[8,0]},"_coverageSchema":"1a1c01bbd47fc00a2c39e90264f33305004495a9","hash":"d5fae6a308708faa1dde50b8ef8dd84199ebe618"}
,"C:\\MAMP\\htdocs\\aem-compatible\\src\\components\\sitefooter\\_index.es.js": {"path":"C:\\MAMP\\htdocs\\aem-compatible\\src\\components\\sitefooter\\_index.es.js","statementMap":{},"fnMap":{"0":{"name":"(anonymous_0)","decl":{"start":{"line":4,"column":4},"end":{"line":4,"column":5}},"loc":{"start":{"line":4,"column":18},"end":{"line":4,"column":20}},"line":4},"1":{"name":"(anonymous_1)","decl":{"start":{"line":5,"column":4},"end":{"line":5,"column":5}},"loc":{"start":{"line":5,"column":13},"end":{"line":5,"column":15}},"line":5}},"branchMap":{},"s":{},"f":{"0":9,"1":9},"b":{},"_coverageSchema":"1a1c01bbd47fc00a2c39e90264f33305004495a9","hash":"7944b137b4c7b398d6c07677947746fbda6bc062"}
,"C:\\MAMP\\htdocs\\aem-compatible\\src\\components\\siteheader\\_index.es.js": {"path":"C:\\MAMP\\htdocs\\aem-compatible\\src\\components\\siteheader\\_index.es.js","statementMap":{"0":{"start":{"line":7,"column":32},"end":{"line":7,"column":58}},"1":{"start":{"line":8,"column":31},"end":{"line":8,"column":33}},"2":{"start":{"line":9,"column":6},"end":{"line":9,"column":64}}},"fnMap":{"0":{"name":"(anonymous_0)","decl":{"start":{"line":5,"column":4},"end":{"line":5,"column":5}},"loc":{"start":{"line":5,"column":18},"end":{"line":5,"column":20}},"line":5},"1":{"name":"(anonymous_1)","decl":{"start":{"line":6,"column":4},"end":{"line":6,"column":5}},"loc":{"start":{"line":6,"column":13},"end":{"line":10,"column":5}},"line":6}},"branchMap":{},"s":{"0":9,"1":9,"2":9},"f":{"0":9,"1":9},"b":{},"_coverageSchema":"1a1c01bbd47fc00a2c39e90264f33305004495a9","hash":"981fef9592906e47890a044d9a4c4575947f00e8"}
,"C:\\MAMP\\htdocs\\aem-compatible\\src\\templates\\_baseLayoutPage\\clientlibs\\scripts\\head-scripts.es.js": {"path":"C:\\MAMP\\htdocs\\aem-compatible\\src\\templates\\_baseLayoutPage\\clientlibs\\scripts\\head-scripts.es.js","statementMap":{"0":{"start":{"line":8,"column":4},"end":{"line":10,"column":5}},"1":{"start":{"line":9,"column":6},"end":{"line":9,"column":20}},"2":{"start":{"line":14,"column":17},"end":{"line":14,"column":34}},"3":{"start":{"line":15,"column":0},"end":{"line":15,"column":18}}},"fnMap":{"0":{"name":"(anonymous_0)","decl":{"start":{"line":5,"column":2},"end":{"line":5,"column":3}},"loc":{"start":{"line":5,"column":16},"end":{"line":5,"column":18}},"line":5},"1":{"name":"(anonymous_1)","decl":{"start":{"line":7,"column":2},"end":{"line":7,"column":3}},"loc":{"start":{"line":7,"column":11},"end":{"line":11,"column":3}},"line":7}},"branchMap":{"0":{"loc":{"start":{"line":8,"column":4},"end":{"line":10,"column":5}},"type":"if","locations":[{"start":{"line":8,"column":4},"end":{"line":10,"column":5}},{"start":{"line":8,"column":4},"end":{"line":10,"column":5}}],"line":8}},"s":{"0":9,"1":9,"2":9,"3":9,"4":3},"f":{"0":9,"1":9,"2":3},"b":{"0":[9,0]},"_coverageSchema":"1a1c01bbd47fc00a2c39e90264f33305004495a9","hash":"577d2772a2885885dba4fc5c3cc31a672d7b6df7"}
,"C:\\MAMP\\htdocs\\aem-compatible\\src\\templates\\_baseLayoutPage\\clientlibs\\scripts\\index.es.js": {"path":"C:\\MAMP\\htdocs\\aem-compatible\\src\\templates\\_baseLayoutPage\\clientlibs\\scripts\\index.es.js","statementMap":{"0":{"start":{"line":15,"column":4},"end":{"line":47,"column":5}},"1":{"start":{"line":16,"column":6},"end":{"line":46,"column":9}},"2":{"start":{"line":17,"column":8},"end":{"line":17,"column":47}},"3":{"start":{"line":18,"column":8},"end":{"line":18,"column":65}},"4":{"start":{"line":19,"column":8},"end":{"line":45,"column":9}},"5":{"start":{"line":50,"column":4},"end":{"line":72,"column":10}},"6":{"start":{"line":51,"column":6},"end":{"line":63,"column":7}},"7":{"start":{"line":52,"column":8},"end":{"line":62,"column":11}},"8":{"start":{"line":53,"column":10},"end":{"line":53,"column":59}},"9":{"start":{"line":54,"column":10},"end":{"line":57,"column":11}},"10":{"start":{"line":55,"column":12},"end":{"line":55,"column":50}},"11":{"start":{"line":56,"column":12},"end":{"line":56,"column":54}},"12":{"start":{"line":58,"column":10},"end":{"line":61,"column":11}},"13":{"start":{"line":59,"column":12},"end":{"line":59,"column":53}},"14":{"start":{"line":60,"column":12},"end":{"line":60,"column":51}},"15":{"start":{"line":64,"column":6},"end":{"line":67,"column":7}},"16":{"start":{"line":65,"column":8},"end":{"line":65,"column":47}},"17":{"start":{"line":66,"column":8},"end":{"line":66,"column":51}},"18":{"start":{"line":68,"column":6},"end":{"line":71,"column":7}},"19":{"start":{"line":69,"column":8},"end":{"line":69,"column":50}},"20":{"start":{"line":70,"column":8},"end":{"line":70,"column":48}},"21":{"start":{"line":75,"column":4},"end":{"line":75,"column":46}},"22":{"start":{"line":76,"column":4},"end":{"line":76,"column":93}},"23":{"start":{"line":77,"column":4},"end":{"line":77,"column":35}},"24":{"start":{"line":78,"column":4},"end":{"line":78,"column":75}},"25":{"start":{"line":79,"column":4},"end":{"line":79,"column":24}},"26":{"start":{"line":81,"column":23},"end":{"line":81,"column":39}},"27":{"start":{"line":82,"column":20},"end":{"line":82,"column":33}},"28":{"start":{"line":83,"column":4},"end":{"line":83,"column":24}},"29":{"start":{"line":84,"column":4},"end":{"line":84,"column":21}},"30":{"start":{"line":87,"column":23},"end":{"line":87,"column":39}},"31":{"start":{"line":88,"column":4},"end":{"line":88,"column":24}},"32":{"start":{"line":92,"column":0},"end":{"line":95,"column":3}},"33":{"start":{"line":93,"column":24},"end":{"line":93,"column":43}},"34":{"start":{"line":94,"column":2},"end":{"line":94,"column":31}},"35":{"start":{"line":97,"column":0},"end":{"line":100,"column":3}},"36":{"start":{"line":98,"column":24},"end":{"line":98,"column":43}},"37":{"start":{"line":99,"column":2},"end":{"line":99,"column":25}}},"fnMap":{"0":{"name":"(anonymous_0)","decl":{"start":{"line":13,"column":2},"end":{"line":13,"column":3}},"loc":{"start":{"line":13,"column":16},"end":{"line":13,"column":18}},"line":13},"1":{"name":"(anonymous_1)","decl":{"start":{"line":14,"column":2},"end":{"line":14,"column":3}},"loc":{"start":{"line":14,"column":17},"end":{"line":48,"column":3}},"line":14},"2":{"name":"(anonymous_2)","decl":{"start":{"line":16,"column":25},"end":{"line":16,"column":26}},"loc":{"start":{"line":16,"column":36},"end":{"line":46,"column":7}},"line":16},"3":{"name":"(anonymous_3)","decl":{"start":{"line":49,"column":2},"end":{"line":49,"column":3}},"loc":{"start":{"line":49,"column":28},"end":{"line":73,"column":3}},"line":49},"4":{"name":"(anonymous_4)","decl":{"start":{"line":50,"column":15},"end":{"line":50,"column":16}},"loc":{"start":{"line":50,"column":21},"end":{"line":72,"column":5}},"line":50},"5":{"name":"(anonymous_5)","decl":{"start":{"line":52,"column":27},"end":{"line":52,"column":28}},"loc":{"start":{"line":52,"column":38},"end":{"line":62,"column":9}},"line":52},"6":{"name":"(anonymous_6)","decl":{"start":{"line":74,"column":2},"end":{"line":74,"column":3}},"loc":{"start":{"line":74,"column":17},"end":{"line":85,"column":3}},"line":74},"7":{"name":"(anonymous_7)","decl":{"start":{"line":86,"column":2},"end":{"line":86,"column":3}},"loc":{"start":{"line":86,"column":11},"end":{"line":89,"column":3}},"line":86},"8":{"name":"(anonymous_8)","decl":{"start":{"line":92,"column":47},"end":{"line":92,"column":48}},"loc":{"start":{"line":92,"column":59},"end":{"line":95,"column":1}},"line":92},"9":{"name":"(anonymous_9)","decl":{"start":{"line":97,"column":32},"end":{"line":97,"column":33}},"loc":{"start":{"line":97,"column":43},"end":{"line":100,"column":1}},"line":97}},"branchMap":{"0":{"loc":{"start":{"line":15,"column":4},"end":{"line":47,"column":5}},"type":"if","locations":[{"start":{"line":15,"column":4},"end":{"line":47,"column":5}},{"start":{"line":15,"column":4},"end":{"line":47,"column":5}}],"line":15},"1":{"loc":{"start":{"line":15,"column":9},"end":{"line":15,"column":25}},"type":"binary-expr","locations":[{"start":{"line":15,"column":9},"end":{"line":15,"column":19}},{"start":{"line":15,"column":23},"end":{"line":15,"column":25}}],"line":15},"2":{"loc":{"start":{"line":19,"column":8},"end":{"line":45,"column":9}},"type":"if","locations":[{"start":{"line":19,"column":8},"end":{"line":45,"column":9}},{"start":{"line":19,"column":8},"end":{"line":45,"column":9}}],"line":19},"3":{"loc":{"start":{"line":19,"column":12},"end":{"line":19,"column":68}},"type":"binary-expr","locations":[{"start":{"line":19,"column":12},"end":{"line":19,"column":19}},{"start":{"line":19,"column":23},"end":{"line":19,"column":68}}],"line":19},"4":{"loc":{"start":{"line":19,"column":25},"end":{"line":19,"column":41}},"type":"binary-expr","locations":[{"start":{"line":19,"column":25},"end":{"line":19,"column":35}},{"start":{"line":19,"column":39},"end":{"line":19,"column":41}}],"line":19},"5":{"loc":{"start":{"line":51,"column":6},"end":{"line":63,"column":7}},"type":"if","locations":[{"start":{"line":51,"column":6},"end":{"line":63,"column":7}},{"start":{"line":51,"column":6},"end":{"line":63,"column":7}}],"line":51},"6":{"loc":{"start":{"line":51,"column":11},"end":{"line":51,"column":27}},"type":"binary-expr","locations":[{"start":{"line":51,"column":11},"end":{"line":51,"column":21}},{"start":{"line":51,"column":25},"end":{"line":51,"column":27}}],"line":51},"7":{"loc":{"start":{"line":54,"column":10},"end":{"line":57,"column":11}},"type":"if","locations":[{"start":{"line":54,"column":10},"end":{"line":57,"column":11}},{"start":{"line":54,"column":10},"end":{"line":57,"column":11}}],"line":54},"8":{"loc":{"start":{"line":58,"column":10},"end":{"line":61,"column":11}},"type":"if","locations":[{"start":{"line":58,"column":10},"end":{"line":61,"column":11}},{"start":{"line":58,"column":10},"end":{"line":61,"column":11}}],"line":58},"9":{"loc":{"start":{"line":64,"column":6},"end":{"line":67,"column":7}},"type":"if","locations":[{"start":{"line":64,"column":6},"end":{"line":67,"column":7}},{"start":{"line":64,"column":6},"end":{"line":67,"column":7}}],"line":64},"10":{"loc":{"start":{"line":64,"column":10},"end":{"line":64,"column":60}},"type":"binary-expr","locations":[{"start":{"line":64,"column":10},"end":{"line":64,"column":18}},{"start":{"line":64,"column":22},"end":{"line":64,"column":60}}],"line":64},"11":{"loc":{"start":{"line":68,"column":6},"end":{"line":71,"column":7}},"type":"if","locations":[{"start":{"line":68,"column":6},"end":{"line":71,"column":7}},{"start":{"line":68,"column":6},"end":{"line":71,"column":7}}],"line":68},"12":{"loc":{"start":{"line":68,"column":10},"end":{"line":68,"column":61}},"type":"binary-expr","locations":[{"start":{"line":68,"column":10},"end":{"line":68,"column":18}},{"start":{"line":68,"column":22},"end":{"line":68,"column":61}}],"line":68},"13":{"loc":{"start":{"line":76,"column":44},"end":{"line":76,"column":91}},"type":"binary-expr","locations":[{"start":{"line":76,"column":44},"end":{"line":76,"column":85}},{"start":{"line":76,"column":89},"end":{"line":76,"column":91}}],"line":76}},"s":{"0":9,"1":9,"2":14,"3":49,"4":49,"5":30,"6":30,"7":44,"8":20,"9":20,"10":12,"11":4,"12":6,"13":10,"14":10,"15":9,"16":8,"17":8,"18":9,"19":9,"20":9,"21":9,"22":9,"23":9,"24":9,"25":9,"26":9,"27":9,"28":9,"29":9,"30":7,"31":7,"32":1,"33":1,"34":1,"35":1,"36":1,"37":1},"f":{"0":18,"1":9,"2":14,"3":44,"4":9,"5":14,"6":9,"7":9,"8":1,"9":1},"b":{"0":[9,0],"1":[9,0],"2":[35,14],"3":[20,35],"4":[6,8],"5":[9,8],"6":[9,0],"7":[12,10],"8":[10,4],"9":[0,1],"10":[1,1],"11":[1,0],"12":[1,1],"13":[1,0]},"_coverageSchema":"1a1c01bbd47fc00a2c39e90264f33305004495a9","hash":"2c7431ab1f61306b279413e03325c46fc2a110b2"}
,"C:\\MAMP\\htdocs\\aem-compatible\\src\\templates\\home\\clientlibs\\scripts\\index.es.js": {"path":"C:\\MAMP\\htdocs\\aem-compatible\\src\\templates\\home\\clientlibs\\scripts\\index.es.js","statementMap":{"0":{"start":{"line":8,"column":23},"end":{"line":8,"column":39}},"1":{"start":{"line":9,"column":25},"end":{"line":9,"column":43}},"2":{"start":{"line":10,"column":4},"end":{"line":10,"column":24}},"3":{"start":{"line":11,"column":4},"end":{"line":11,"column":26}},"4":{"start":{"line":15,"column":0},"end":{"line":18,"column":3}},"5":{"start":{"line":16,"column":15},"end":{"line":16,"column":25}},"6":{"start":{"line":17,"column":2},"end":{"line":17,"column":16}}},"fnMap":{"0":{"name":"(anonymous_0)","decl":{"start":{"line":6,"column":2},"end":{"line":6,"column":3}},"loc":{"start":{"line":6,"column":16},"end":{"line":6,"column":18}},"line":6},"1":{"name":"(anonymous_1)","decl":{"start":{"line":7,"column":2},"end":{"line":7,"column":3}},"loc":{"start":{"line":7,"column":11},"end":{"line":12,"column":3}},"line":7},"2":{"name":"(anonymous_2)","decl":{"start":{"line":15,"column":47},"end":{"line":15,"column":48}},"loc":{"start":{"line":15,"column":59},"end":{"line":18,"column":1}},"line":15}},"branchMap":{},"s":{"0":8,"1":8,"2":8,"3":8,"4":8,"5":8,"6":8},"f":{"0":8,"1":8,"2":8},"b":{},"_coverageSchema":"1a1c01bbd47fc00a2c39e90264f33305004495a9","hash":"f2a8d19a953b7c390dd227de50a6486dd8378509"}
,"C:\\MAMP\\htdocs\\aem-compatible\\src\\templates\\registration\\clientlibs\\scripts\\index.es.js": {"path":"C:\\MAMP\\htdocs\\aem-compatible\\src\\templates\\registration\\clientlibs\\scripts\\index.es.js","statementMap":{"0":{"start":{"line":6,"column":27},"end":{"line":6,"column":47}},"1":{"start":{"line":7,"column":4},"end":{"line":7,"column":28}},"2":{"start":{"line":11,"column":0},"end":{"line":14,"column":3}},"3":{"start":{"line":12,"column":23},"end":{"line":12,"column":41}},"4":{"start":{"line":13,"column":2},"end":{"line":13,"column":24}}},"fnMap":{"0":{"name":"(anonymous_0)","decl":{"start":{"line":4,"column":2},"end":{"line":4,"column":3}},"loc":{"start":{"line":4,"column":16},"end":{"line":4,"column":18}},"line":4},"1":{"name":"(anonymous_1)","decl":{"start":{"line":5,"column":2},"end":{"line":5,"column":3}},"loc":{"start":{"line":5,"column":11},"end":{"line":8,"column":3}},"line":5},"2":{"name":"(anonymous_2)","decl":{"start":{"line":11,"column":47},"end":{"line":11,"column":48}},"loc":{"start":{"line":11,"column":59},"end":{"line":14,"column":1}},"line":11}},"branchMap":{},"s":{"0":1,"1":1,"2":1,"3":1,"4":1},"f":{"0":1,"1":1,"2":1},"b":{},"_coverageSchema":"1a1c01bbd47fc00a2c39e90264f33305004495a9","hash":"9e6daba02e88cfebd2b517364af8b67d16e5f510"}
}
