{"total": {"lines":{"total":147,"covered":113,"skipped":0,"pct":76.87},"statements":{"total":151,"covered":116,"skipped":0,"pct":76.82},"functions":{"total":37,"covered":32,"skipped":0,"pct":86.49},"branches":{"total":72,"covered":38,"skipped":0,"pct":52.78}}
,"C:\\MAMP\\htdocs\\aem-compatible\\src\\assets\\scripts\\_constants.es.js": {"lines":{"total":79,"covered":47,"skipped":0,"pct":59.49},"functions":{"total":12,"covered":7,"skipped":0,"pct":58.33},"statements":{"total":83,"covered":50,"skipped":0,"pct":60.24},"branches":{"total":38,"covered":16,"skipped":0,"pct":42.11}}
,"C:\\MAMP\\htdocs\\aem-compatible\\src\\assets\\scripts\\_vendors.es.js": {"lines":{"total":0,"covered":0,"skipped":0,"pct":0},"functions":{"total":2,"covered":2,"skipped":0,"pct":0},"statements":{"total":0,"covered":0,"skipped":0,"pct":0},"branches":{"total":0,"covered":0,"skipped":0,"pct":0}}
,"C:\\MAMP\\htdocs\\aem-compatible\\src\\components\\grid-carousel\\_index.es.js": {"lines":{"total":9,"covered":9,"skipped":0,"pct":100},"functions":{"total":2,"covered":2,"skipped":0,"pct":100},"statements":{"total":9,"covered":9,"skipped":0,"pct":100},"branches":{"total":2,"covered":1,"skipped":0,"pct":50}}
,"C:\\MAMP\\htdocs\\aem-compatible\\src\\components\\hero-slider\\_index.es.js": {"lines":{"total":7,"covered":7,"skipped":0,"pct":100},"functions":{"total":2,"covered":2,"skipped":0,"pct":100},"statements":{"total":7,"covered":7,"skipped":0,"pct":100},"branches":{"total":2,"covered":1,"skipped":0,"pct":50}}
,"C:\\MAMP\\htdocs\\aem-compatible\\src\\components\\sitefooter\\_index.es.js": {"lines":{"total":0,"covered":0,"skipped":0,"pct":0},"functions":{"total":2,"covered":2,"skipped":0,"pct":0},"statements":{"total":0,"covered":0,"skipped":0,"pct":0},"branches":{"total":0,"covered":0,"skipped":0,"pct":0}}
,"C:\\MAMP\\htdocs\\aem-compatible\\src\\components\\siteheader\\_index.es.js": {"lines":{"total":3,"covered":3,"skipped":0,"pct":100},"functions":{"total":2,"covered":2,"skipped":0,"pct":100},"statements":{"total":3,"covered":3,"skipped":0,"pct":100},"branches":{"total":0,"covered":0,"skipped":0,"pct":100}}
,"C:\\MAMP\\htdocs\\aem-compatible\\src\\templates\\_baseLayoutPage\\clientlibs\\scripts\\head-scripts.es.js": {"lines":{"total":4,"covered":4,"skipped":0,"pct":100},"functions":{"total":2,"covered":2,"skipped":0,"pct":100},"statements":{"total":4,"covered":4,"skipped":0,"pct":100},"branches":{"total":2,"covered":1,"skipped":0,"pct":50}}
,"C:\\MAMP\\htdocs\\aem-compatible\\src\\templates\\_baseLayoutPage\\clientlibs\\scripts\\index.es.js": {"lines":{"total":38,"covered":36,"skipped":0,"pct":94.74},"functions":{"total":10,"covered":10,"skipped":0,"pct":100},"statements":{"total":38,"covered":36,"skipped":0,"pct":94.74},"branches":{"total":28,"covered":19,"skipped":0,"pct":67.86}}
,"C:\\MAMP\\htdocs\\aem-compatible\\src\\templates\\home\\clientlibs\\scripts\\index.es.js": {"lines":{"total":7,"covered":7,"skipped":0,"pct":100},"functions":{"total":3,"covered":3,"skipped":0,"pct":100},"statements":{"total":7,"covered":7,"skipped":0,"pct":100},"branches":{"total":0,"covered":0,"skipped":0,"pct":100}}
}
