{"total": {"lines":{"total":181,"covered":169,"skipped":0,"pct":93.37},"statements":{"total":186,"covered":173,"skipped":0,"pct":93.01},"functions":{"total":47,"covered":45,"skipped":0,"pct":95.74},"branches":{"total":98,"covered":65,"skipped":0,"pct":66.33}}
,"C:\\MAMP\\htdocs\\aem-compatible\\src\\assets\\scripts\\_constants.es.js": {"lines":{"total":79,"covered":71,"skipped":0,"pct":89.87},"functions":{"total":12,"covered":11,"skipped":0,"pct":91.67},"statements":{"total":83,"covered":74,"skipped":0,"pct":89.16},"branches":{"total":38,"covered":26,"skipped":0,"pct":68.42}}
,"C:\\MAMP\\htdocs\\aem-compatible\\src\\assets\\scripts\\_form-validators.es.js": {"lines":{"total":29,"covered":25,"skipped":0,"pct":86.21},"functions":{"total":6,"covered":5,"skipped":0,"pct":83.33},"statements":{"total":29,"covered":25,"skipped":0,"pct":86.21},"branches":{"total":26,"covered":14,"skipped":0,"pct":53.85}}
,"C:\\MAMP\\htdocs\\aem-compatible\\src\\assets\\scripts\\_vendors.es.js": {"lines":{"total":0,"covered":0,"skipped":0,"pct":0},"functions":{"total":2,"covered":2,"skipped":0,"pct":0},"statements":{"total":0,"covered":0,"skipped":0,"pct":0},"branches":{"total":0,"covered":0,"skipped":0,"pct":0}}
,"C:\\MAMP\\htdocs\\aem-compatible\\src\\components\\grid-carousel\\_index.es.js": {"lines":{"total":9,"covered":9,"skipped":0,"pct":100},"functions":{"total":2,"covered":2,"skipped":0,"pct":100},"statements":{"total":9,"covered":9,"skipped":0,"pct":100},"branches":{"total":2,"covered":1,"skipped":0,"pct":50}}
,"C:\\MAMP\\htdocs\\aem-compatible\\src\\components\\hero-slider\\_index.es.js": {"lines":{"total":7,"covered":7,"skipped":0,"pct":100},"functions":{"total":2,"covered":2,"skipped":0,"pct":100},"statements":{"total":7,"covered":7,"skipped":0,"pct":100},"branches":{"total":2,"covered":1,"skipped":0,"pct":50}}
,"C:\\MAMP\\htdocs\\aem-compatible\\src\\components\\sitefooter\\_index.es.js": {"lines":{"total":0,"covered":0,"skipped":0,"pct":0},"functions":{"total":2,"covered":2,"skipped":0,"pct":0},"statements":{"total":0,"covered":0,"skipped":0,"pct":0},"branches":{"total":0,"covered":0,"skipped":0,"pct":0}}
,"C:\\MAMP\\htdocs\\aem-compatible\\src\\components\\siteheader\\_index.es.js": {"lines":{"total":3,"covered":3,"skipped":0,"pct":100},"functions":{"total":2,"covered":2,"skipped":0,"pct":100},"statements":{"total":3,"covered":3,"skipped":0,"pct":100},"branches":{"total":0,"covered":0,"skipped":0,"pct":100}}
,"C:\\MAMP\\htdocs\\aem-compatible\\src\\templates\\_baseLayoutPage\\clientlibs\\scripts\\head-scripts.es.js": {"lines":{"total":4,"covered":4,"skipped":0,"pct":100},"functions":{"total":3,"covered":3,"skipped":0,"pct":100},"statements":{"total":5,"covered":5,"skipped":0,"pct":100},"branches":{"total":2,"covered":1,"skipped":0,"pct":50}}
,"C:\\MAMP\\htdocs\\aem-compatible\\src\\templates\\_baseLayoutPage\\clientlibs\\scripts\\index.es.js": {"lines":{"total":38,"covered":38,"skipped":0,"pct":100},"functions":{"total":10,"covered":10,"skipped":0,"pct":100},"statements":{"total":38,"covered":38,"skipped":0,"pct":100},"branches":{"total":28,"covered":22,"skipped":0,"pct":78.57}}
,"C:\\MAMP\\htdocs\\aem-compatible\\src\\templates\\home\\clientlibs\\scripts\\index.es.js": {"lines":{"total":7,"covered":7,"skipped":0,"pct":100},"functions":{"total":3,"covered":3,"skipped":0,"pct":100},"statements":{"total":7,"covered":7,"skipped":0,"pct":100},"branches":{"total":0,"covered":0,"skipped":0,"pct":100}}
,"C:\\MAMP\\htdocs\\aem-compatible\\src\\templates\\registration\\clientlibs\\scripts\\index.es.js": {"lines":{"total":5,"covered":5,"skipped":0,"pct":100},"functions":{"total":3,"covered":3,"skipped":0,"pct":100},"statements":{"total":5,"covered":5,"skipped":0,"pct":100},"branches":{"total":0,"covered":0,"skipped":0,"pct":100}}
}
