TN:
SF:src\assets\scripts\_constants.es.js
FN:27,(anonymous_0)
FN:31,(anonymous_1)
FN:34,(anonymous_2)
FN:42,(anonymous_3)
FN:111,(anonymous_4)
FN:115,(anonymous_5)
FN:119,(anonymous_6)
FN:143,(anonymous_7)
FN:146,(anonymous_8)
FN:154,(anonymous_9)
FN:161,(anonymous_10)
FN:174,(anonymous_11)
FNF:12
FNH:11
FNDA:24,(anonymous_0)
FNDA:24,(anonymous_1)
FNDA:24,(anonymous_2)
FNDA:56,(anonymous_3)
FNDA:6,(anonymous_4)
FNDA:34,(anonymous_5)
FNDA:34,(anonymous_6)
FNDA:42,(anonymous_7)
FNDA:0,(anonymous_8)
FNDA:7,(anonymous_9)
FNDA:7,(anonymous_10)
FNDA:7,(anonymous_11)
DA:1,10
DA:2,10
DA:3,10
DA:4,10
DA:5,10
DA:6,10
DA:27,10
DA:28,24
DA:29,24
DA:31,26
DA:32,24
DA:34,26
DA:35,24
DA:36,24
DA:42,26
DA:43,24
DA:45,24
DA:48,24
DA:55,24
DA:59,0
DA:63,8
DA:67,56
DA:73,8
DA:76,0
DA:79,0
DA:81,8
DA:84,28
DA:87,28
DA:90,28
DA:94,0
DA:98,8
DA:101,28
DA:104,28
DA:106,28
DA:108,28
DA:111,30
DA:112,34
DA:113,34
DA:115,34
DA:116,14
DA:119,34
DA:120,34
DA:123,34
DA:124,34
DA:125,34
DA:127,34
DA:128,50
DA:135,44
DA:143,2
DA:144,14
DA:146,30
DA:147,0
DA:148,0
DA:151,0
DA:154,2
DA:155,7
DA:156,7
DA:157,7
DA:159,0
DA:161,2
DA:162,7
DA:163,7
DA:164,7
DA:165,7
DA:166,7
DA:167,7
DA:168,7
DA:171,7
DA:174,2
DA:175,7
DA:176,7
DA:177,7
DA:178,7
DA:179,7
DA:180,11
DA:181,11
DA:182,0
DA:183,0
DA:186,7
LF:79
LH:69
BRDA:29,0,0,24
BRDA:29,0,1,24
BRDA:36,1,0,24
BRDA:36,1,1,24
BRDA:48,2,0,0
BRDA:48,2,1,24
BRDA:64,3,0,24
BRDA:64,3,1,24
BRDA:64,3,2,
BRDA:68,4,0,24
BRDA:68,4,1,0
BRDA:68,4,2,
BRDA:113,5,0,30
BRDA:113,5,1,6
BRDA:116,6,0,30
BRDA:116,6,1,6
BRDA:120,7,0,28
BRDA:120,7,1,6
BRDA:120,8,0,6
BRDA:120,8,1,34
BRDA:124,9,0,34
BRDA:124,9,1,0
BRDA:131,10,0,34
BRDA:131,10,1,0
BRDA:132,11,0,34
BRDA:132,11,1,0
BRDA:155,12,0,7
BRDA:155,12,1,44
BRDA:157,13,0,0
BRDA:157,13,1,7
BRDA:162,14,0,7
BRDA:162,14,1,0
BRDA:167,15,0,7
BRDA:167,15,1,0
BRDA:175,16,0,7
BRDA:175,16,1,0
BRDA:181,17,0,0
BRDA:181,17,1,11
BRF:38
BRH:26
end_of_record
TN:
SF:src\assets\scripts\_vendors.es.js
FN:4,(anonymous_0)
FN:5,(anonymous_1)
FNF:2
FNH:2
FNDA:5,(anonymous_0)
FNDA:5,(anonymous_1)
LF:0
LH:0
BRF:0
BRH:0
end_of_record
TN:
SF:src\components\grid-carousel\_index.es.js
FN:5,(anonymous_0)
FN:8,(anonymous_1)
FNF:2
FNH:2
FNDA:5,(anonymous_0)
FNDA:5,(anonymous_1)
DA:6,5
DA:9,5
DA:10,5
DA:11,5
DA:12,5
DA:13,5
DA:14,5
DA:15,5
DA:16,5
LF:9
LH:9
BRDA:10,0,0,5
BRDA:10,0,1,0
BRF:2
BRH:1
end_of_record
TN:
SF:src\components\hero-slider\_index.es.js
FN:4,(anonymous_0)
FN:7,(anonymous_1)
FNF:2
FNH:2
FNDA:5,(anonymous_0)
FNDA:5,(anonymous_1)
DA:5,5
DA:8,5
DA:9,5
DA:10,5
DA:11,5
DA:12,5
DA:13,5
LF:7
LH:7
BRDA:9,0,0,5
BRDA:9,0,1,0
BRF:2
BRH:1
end_of_record
TN:
SF:src\components\sitefooter\_index.es.js
FN:4,(anonymous_0)
FN:5,(anonymous_1)
FNF:2
FNH:2
FNDA:5,(anonymous_0)
FNDA:5,(anonymous_1)
LF:0
LH:0
BRF:0
BRH:0
end_of_record
TN:
SF:src\components\siteheader\_index.es.js
FN:5,(anonymous_0)
FN:6,(anonymous_1)
FNF:2
FNH:2
FNDA:5,(anonymous_0)
FNDA:5,(anonymous_1)
DA:7,5
DA:8,5
DA:9,5
LF:3
LH:3
BRF:0
BRH:0
end_of_record
TN:
SF:src\templates\_baseLayoutPage\clientlibs\scripts\head-scripts.es.js
FN:5,(anonymous_0)
FN:7,(anonymous_1)
FNF:2
FNH:2
FNDA:5,(anonymous_0)
FNDA:5,(anonymous_1)
DA:8,5
DA:9,5
DA:14,5
DA:15,5
LF:4
LH:4
BRDA:8,0,0,5
BRDA:8,0,1,0
BRF:2
BRH:1
end_of_record
TN:
SF:src\templates\_baseLayoutPage\clientlibs\scripts\index.es.js
FN:13,(anonymous_0)
FN:14,(anonymous_1)
FN:16,(anonymous_2)
FN:49,(anonymous_3)
FN:50,(anonymous_4)
FN:52,(anonymous_5)
FN:74,(anonymous_6)
FN:86,(anonymous_7)
FN:92,(anonymous_8)
FN:97,(anonymous_9)
FNF:10
FNH:10
FNDA:10,(anonymous_0)
FNDA:5,(anonymous_1)
FNDA:10,(anonymous_2)
FNDA:25,(anonymous_3)
FNDA:5,(anonymous_4)
FNDA:10,(anonymous_5)
FNDA:5,(anonymous_6)
FNDA:5,(anonymous_7)
FNDA:1,(anonymous_8)
FNDA:1,(anonymous_9)
DA:15,5
DA:16,5
DA:17,10
DA:18,30
DA:19,30
DA:50,17
DA:51,17
DA:52,25
DA:53,14
DA:54,14
DA:55,8
DA:56,4
DA:58,6
DA:59,6
DA:60,6
DA:64,5
DA:65,4
DA:66,4
DA:68,5
DA:69,5
DA:70,5
DA:75,5
DA:76,5
DA:77,5
DA:78,5
DA:79,5
DA:81,5
DA:82,5
DA:83,5
DA:84,5
DA:87,5
DA:88,5
DA:92,1
DA:93,1
DA:94,1
DA:97,1
DA:98,1
DA:99,1
LF:38
LH:38
BRDA:15,0,0,5
BRDA:15,0,1,0
BRDA:15,1,0,5
BRDA:15,1,1,0
BRDA:19,2,0,22
BRDA:19,2,1,8
BRDA:19,3,0,14
BRDA:19,3,1,22
BRDA:19,4,0,6
BRDA:19,4,1,4
BRDA:51,5,0,5
BRDA:51,5,1,4
BRDA:51,6,0,5
BRDA:51,6,1,0
BRDA:54,7,0,8
BRDA:54,7,1,6
BRDA:58,8,0,6
BRDA:58,8,1,4
BRDA:64,9,0,0
BRDA:64,9,1,1
BRDA:64,10,0,1
BRDA:64,10,1,1
BRDA:68,11,0,1
BRDA:68,11,1,0
BRDA:68,12,0,1
BRDA:68,12,1,1
BRDA:76,13,0,1
BRDA:76,13,1,0
BRF:28
BRH:22
end_of_record
TN:
SF:src\templates\home\clientlibs\scripts\index.es.js
FN:6,(anonymous_0)
FN:7,(anonymous_1)
FN:15,(anonymous_2)
FNF:3
FNH:3
FNDA:5,(anonymous_0)
FNDA:5,(anonymous_1)
FNDA:5,(anonymous_2)
DA:8,5
DA:9,5
DA:10,5
DA:11,5
DA:15,5
DA:16,5
DA:17,5
LF:7
LH:7
BRF:0
BRH:0
end_of_record
