TN:
SF:src\assets\scripts\_constants.es.js
FN:27,(anonymous_0)
FN:31,(anonymous_1)
FN:34,(anonymous_2)
FN:42,(anonymous_3)
FN:111,(anonymous_4)
FN:115,(anonymous_5)
FN:119,(anonymous_6)
FN:143,(anonymous_7)
FN:146,(anonymous_8)
FN:154,(anonymous_9)
FN:161,(anonymous_10)
FN:174,(anonymous_11)
FNF:12
FNH:7
FNDA:0,(anonymous_0)
FNDA:0,(anonymous_1)
FNDA:0,(anonymous_2)
FNDA:0,(anonymous_3)
FNDA:6,(anonymous_4)
FNDA:6,(anonymous_5)
FNDA:6,(anonymous_6)
FNDA:14,(anonymous_7)
FNDA:0,(anonymous_8)
FNDA:7,(anonymous_9)
FNDA:7,(anonymous_10)
FNDA:7,(anonymous_11)
DA:1,2
DA:2,2
DA:3,2
DA:4,2
DA:5,2
DA:6,2
DA:27,2
DA:28,0
DA:29,0
DA:31,2
DA:32,0
DA:34,2
DA:35,0
DA:36,0
DA:42,2
DA:43,0
DA:45,0
DA:48,0
DA:55,0
DA:59,0
DA:63,0
DA:67,0
DA:73,0
DA:76,0
DA:79,0
DA:81,0
DA:84,0
DA:87,0
DA:90,0
DA:94,0
DA:98,0
DA:101,0
DA:104,0
DA:106,0
DA:108,0
DA:111,2
DA:112,6
DA:113,6
DA:115,6
DA:116,6
DA:119,6
DA:120,6
DA:123,6
DA:124,6
DA:125,6
DA:127,6
DA:128,6
DA:135,0
DA:143,2
DA:144,14
DA:146,2
DA:147,0
DA:148,0
DA:151,0
DA:154,2
DA:155,7
DA:156,7
DA:157,7
DA:159,0
DA:161,2
DA:162,7
DA:163,7
DA:164,7
DA:165,7
DA:166,7
DA:167,7
DA:168,7
DA:171,7
DA:174,2
DA:175,7
DA:176,7
DA:177,7
DA:178,7
DA:179,7
DA:180,11
DA:181,11
DA:182,0
DA:183,0
DA:186,7
LF:79
LH:47
BRDA:29,0,0,0
BRDA:29,0,1,0
BRDA:36,1,0,0
BRDA:36,1,1,0
BRDA:48,2,0,0
BRDA:48,2,1,0
BRDA:64,3,0,0
BRDA:64,3,1,0
BRDA:64,3,2,0
BRDA:68,4,0,0
BRDA:68,4,1,0
BRDA:68,4,2,0
BRDA:113,5,0,6
BRDA:113,5,1,6
BRDA:116,6,0,6
BRDA:116,6,1,6
BRDA:120,7,0,0
BRDA:120,7,1,6
BRDA:120,8,0,6
BRDA:120,8,1,6
BRDA:124,9,0,6
BRDA:124,9,1,0
BRDA:131,10,0,6
BRDA:131,10,1,0
BRDA:132,11,0,6
BRDA:132,11,1,0
BRDA:155,12,0,7
BRDA:155,12,1,0
BRDA:157,13,0,0
BRDA:157,13,1,7
BRDA:162,14,0,7
BRDA:162,14,1,0
BRDA:167,15,0,7
BRDA:167,15,1,0
BRDA:175,16,0,7
BRDA:175,16,1,0
BRDA:181,17,0,0
BRDA:181,17,1,11
BRF:38
BRH:16
end_of_record
TN:
SF:src\assets\scripts\_vendors.es.js
FN:4,(anonymous_0)
FN:5,(anonymous_1)
FNF:2
FNH:2
FNDA:1,(anonymous_0)
FNDA:1,(anonymous_1)
LF:0
LH:0
BRF:0
BRH:0
end_of_record
TN:
SF:src\components\grid-carousel\_index.es.js
FN:5,(anonymous_0)
FN:8,(anonymous_1)
FNF:2
FNH:2
FNDA:1,(anonymous_0)
FNDA:1,(anonymous_1)
DA:6,1
DA:9,1
DA:10,1
DA:11,1
DA:12,1
DA:13,1
DA:14,1
DA:15,1
DA:16,1
LF:9
LH:9
BRDA:10,0,0,1
BRDA:10,0,1,0
BRF:2
BRH:1
end_of_record
TN:
SF:src\components\hero-slider\_index.es.js
FN:4,(anonymous_0)
FN:7,(anonymous_1)
FNF:2
FNH:2
FNDA:1,(anonymous_0)
FNDA:1,(anonymous_1)
DA:5,1
DA:8,1
DA:9,1
DA:10,1
DA:11,1
DA:12,1
DA:13,1
LF:7
LH:7
BRDA:9,0,0,1
BRDA:9,0,1,0
BRF:2
BRH:1
end_of_record
TN:
SF:src\components\sitefooter\_index.es.js
FN:4,(anonymous_0)
FN:5,(anonymous_1)
FNF:2
FNH:2
FNDA:1,(anonymous_0)
FNDA:1,(anonymous_1)
LF:0
LH:0
BRF:0
BRH:0
end_of_record
TN:
SF:src\components\siteheader\_index.es.js
FN:5,(anonymous_0)
FN:6,(anonymous_1)
FNF:2
FNH:2
FNDA:1,(anonymous_0)
FNDA:1,(anonymous_1)
DA:7,1
DA:8,1
DA:9,1
LF:3
LH:3
BRF:0
BRH:0
end_of_record
TN:
SF:src\templates\_baseLayoutPage\clientlibs\scripts\head-scripts.es.js
FN:5,(anonymous_0)
FN:7,(anonymous_1)
FNF:2
FNH:2
FNDA:1,(anonymous_0)
FNDA:1,(anonymous_1)
DA:8,1
DA:9,1
DA:14,1
DA:15,1
LF:4
LH:4
BRDA:8,0,0,1
BRDA:8,0,1,0
BRF:2
BRH:1
end_of_record
TN:
SF:src\templates\_baseLayoutPage\clientlibs\scripts\index.es.js
FN:13,(anonymous_0)
FN:14,(anonymous_1)
FN:16,(anonymous_2)
FN:49,(anonymous_3)
FN:50,(anonymous_4)
FN:52,(anonymous_5)
FN:74,(anonymous_6)
FN:86,(anonymous_7)
FN:92,(anonymous_8)
FN:97,(anonymous_9)
FNF:10
FNH:10
FNDA:2,(anonymous_0)
FNDA:1,(anonymous_1)
FNDA:6,(anonymous_2)
FNDA:1,(anonymous_3)
FNDA:1,(anonymous_4)
FNDA:6,(anonymous_5)
FNDA:1,(anonymous_6)
FNDA:1,(anonymous_7)
FNDA:1,(anonymous_8)
FNDA:1,(anonymous_9)
DA:15,1
DA:16,1
DA:17,6
DA:18,6
DA:19,6
DA:50,1
DA:51,1
DA:52,1
DA:53,6
DA:54,6
DA:55,4
DA:56,4
DA:58,6
DA:59,2
DA:60,2
DA:64,1
DA:65,0
DA:66,0
DA:68,1
DA:69,1
DA:70,1
DA:75,1
DA:76,1
DA:77,1
DA:78,1
DA:79,1
DA:81,1
DA:82,1
DA:83,1
DA:84,1
DA:87,1
DA:88,1
DA:92,1
DA:93,1
DA:94,1
DA:97,1
DA:98,1
DA:99,1
LF:38
LH:36
BRDA:15,0,0,1
BRDA:15,0,1,0
BRDA:15,1,0,1
BRDA:15,1,1,0
BRDA:19,2,0,6
BRDA:19,2,1,0
BRDA:19,3,0,6
BRDA:19,3,1,6
BRDA:19,4,0,6
BRDA:19,4,1,0
BRDA:51,5,0,1
BRDA:51,5,1,0
BRDA:51,6,0,1
BRDA:51,6,1,0
BRDA:54,7,0,4
BRDA:54,7,1,2
BRDA:58,8,0,2
BRDA:58,8,1,4
BRDA:64,9,0,0
BRDA:64,9,1,1
BRDA:64,10,0,1
BRDA:64,10,1,1
BRDA:68,11,0,1
BRDA:68,11,1,0
BRDA:68,12,0,1
BRDA:68,12,1,1
BRDA:76,13,0,1
BRDA:76,13,1,0
BRF:28
BRH:19
end_of_record
TN:
SF:src\templates\home\clientlibs\scripts\index.es.js
FN:6,(anonymous_0)
FN:7,(anonymous_1)
FN:15,(anonymous_2)
FNF:3
FNH:3
FNDA:1,(anonymous_0)
FNDA:1,(anonymous_1)
FNDA:1,(anonymous_2)
DA:8,1
DA:9,1
DA:10,1
DA:11,1
DA:15,1
DA:16,1
DA:17,1
LF:7
LH:7
BRF:0
BRH:0
end_of_record
